<?xml version="1.0" encoding="UTF-8"?>
<!-- Generated by org.testng.reporters.JUnitXMLReporter -->
<testsuite ignored="3" hostname="D225-IN" failures="0" tests="32" name="Default test" time="0.788" errors="0" timestamp="2022-09-22T15:53:36 IST">
  <testcase classname="Test_case.Test_Case_Login" name="@BeforeMethod Setup_Test_Case_Login" time="-1.663842215343E9">
    <failure type="org.testng.TestNGException" message="
Parameter &amp;apos;Browser&amp;apos; is required by BeforeMethod on method Setup_Test_Case_Login but has not been marked @Optional or defined
in C:\Users\Akash.saha\AppData\Local\Temp\testng-eclipse-1026310058\testng-customsuite.xml">
      <![CDATA[org.testng.TestNGException: 
Parameter 'Browser' is required by BeforeMethod on method Setup_Test_Case_Login but has not been marked @Optional or defined
in C:\Users\Akash.saha\AppData\Local\Temp\testng-eclipse-1026310058\testng-customsuite.xml
at org.testng.internal.Parameters.createParams(Parameters.java:270)
at org.testng.internal.Parameters.createParametersForMethod(Parameters.java:358)
at org.testng.internal.Parameters.createParameters(Parameters.java:700)
at org.testng.internal.Parameters.createConfigurationParameters(Parameters.java:168)
at org.testng.internal.ConfigInvoker.invokeConfigurations(ConfigInvoker.java:302)
at org.testng.internal.TestInvoker.runConfigMethods(TestInvoker.java:700)
at org.testng.internal.TestInvoker.invokeMethod(TestInvoker.java:527)
at org.testng.internal.TestInvoker.invokeTestMethod(TestInvoker.java:173)
at org.testng.internal.MethodRunner.runInSequence(MethodRunner.java:46)
at org.testng.internal.TestInvoker$MethodInvocationAgent.invoke(TestInvoker.java:824)
at org.testng.internal.TestInvoker.invokeTestMethods(TestInvoker.java:146)
at org.testng.internal.TestMethodWorker.invokeTestMethods(TestMethodWorker.java:146)
at org.testng.internal.TestMethodWorker.run(TestMethodWorker.java:128)
at java.base/java.util.ArrayList.forEach(ArrayList.java:1511)
at org.testng.TestRunner.privateRun(TestRunner.java:794)
at org.testng.TestRunner.run(TestRunner.java:596)
at org.testng.SuiteRunner.runTest(SuiteRunner.java:377)
at org.testng.SuiteRunner.runSequentially(SuiteRunner.java:371)
at org.testng.SuiteRunner.privateRun(SuiteRunner.java:332)
at org.testng.SuiteRunner.run(SuiteRunner.java:276)
at org.testng.SuiteRunnerWorker.runSuite(SuiteRunnerWorker.java:53)
at org.testng.SuiteRunnerWorker.run(SuiteRunnerWorker.java:96)
at org.testng.TestNG.runSuitesSequentially(TestNG.java:1212)
at org.testng.TestNG.runSuitesLocally(TestNG.java:1134)
at org.testng.TestNG.runSuites(TestNG.java:1063)
at org.testng.TestNG.run(TestNG.java:1031)
at org.testng.remote.AbstractRemoteTestNG.run(AbstractRemoteTestNG.java:115)
at org.testng.remote.RemoteTestNG.initAndRun(RemoteTestNG.java:251)
at org.testng.remote.RemoteTestNG.main(RemoteTestNG.java:77)
]]>
    </failure>
  </testcase> <!-- @BeforeMethod Setup_Test_Case_Login -->
  <testcase classname="Test_case.Test_Case_Login" name="@AfterMethod teardown" time="-1.663842215353E9">
    <skipped/>
  </testcase> <!-- @AfterMethod teardown -->
  <testcase classname="Test_case.Test_Case_Login" name="@BeforeMethod Setup_Test_Case_Login" time="-1.663842215355E9">
    <skipped/>
  </testcase> <!-- @BeforeMethod Setup_Test_Case_Login -->
  <testcase classname="Test_case.Test_Case_Login" name="@AfterMethod teardown" time="-1.663842215358E9">
    <skipped/>
  </testcase> <!-- @AfterMethod teardown -->
  <testcase classname="Test_case.Test_Case_Login" name="@BeforeMethod Setup_Test_Case_Login" time="-1.66384221574E9">
    <skipped/>
  </testcase> <!-- @BeforeMethod Setup_Test_Case_Login -->
  <testcase classname="Test_case.Test_Case_Login" name="@AfterMethod teardown" time="-1.663842215743E9">
    <skipped/>
  </testcase> <!-- @AfterMethod teardown -->
  <testcase classname="Test_case.Test_Case_Login" name="@BeforeMethod Setup_Test_Case_Login" time="-1.663842215743E9">
    <skipped/>
  </testcase> <!-- @BeforeMethod Setup_Test_Case_Login -->
  <testcase classname="Test_case.Test_Case_Login" name="@AfterMethod teardown" time="-1.663842215745E9">
    <skipped/>
  </testcase> <!-- @AfterMethod teardown -->
  <testcase classname="Test_case.Test_Case_Login" name="@BeforeMethod Setup_Test_Case_Login" time="-1.663842215745E9">
    <skipped/>
  </testcase> <!-- @BeforeMethod Setup_Test_Case_Login -->
  <testcase classname="Test_case.Test_Case_Login" name="@AfterMethod teardown" time="-1.663842215747E9">
    <skipped/>
  </testcase> <!-- @AfterMethod teardown -->
  <testcase classname="Test_case.Test_Case_Login" name="@BeforeMethod Setup_Test_Case_Login" time="-1.663842215748E9">
    <skipped/>
  </testcase> <!-- @BeforeMethod Setup_Test_Case_Login -->
  <testcase classname="Test_case.Test_Case_Login" name="@AfterMethod teardown" time="-1.663842215749E9">
    <skipped/>
  </testcase> <!-- @AfterMethod teardown -->
  <testcase classname="Test_case.Test_Case_Login" name="@BeforeMethod Setup_Test_Case_Login" time="-1.66384221575E9">
    <skipped/>
  </testcase> <!-- @BeforeMethod Setup_Test_Case_Login -->
  <testcase classname="Test_case.Test_Case_Login" name="@AfterMethod teardown" time="-1.663842215751E9">
    <skipped/>
  </testcase> <!-- @AfterMethod teardown -->
  <testcase classname="Test_case.Test_Case_Login" name="@BeforeMethod Setup_Test_Case_Login" time="-1.663842215752E9">
    <skipped/>
  </testcase> <!-- @BeforeMethod Setup_Test_Case_Login -->
  <testcase classname="Test_case.Test_Case_Login" name="@AfterMethod teardown" time="-1.663842215753E9">
    <skipped/>
  </testcase> <!-- @AfterMethod teardown -->
  <testcase classname="Test_case.Test_Case_Company" name="@BeforeMethod Setup_Test_Case_Company" time="-1.663842215755E9">
    <failure type="org.testng.TestNGException" message="
Parameter &amp;apos;Browser&amp;apos; is required by BeforeMethod on method Setup_Test_Case_Company but has not been marked @Optional or defined
in C:\Users\Akash.saha\AppData\Local\Temp\testng-eclipse-1026310058\testng-customsuite.xml">
      <![CDATA[org.testng.TestNGException: 
Parameter 'Browser' is required by BeforeMethod on method Setup_Test_Case_Company but has not been marked @Optional or defined
in C:\Users\Akash.saha\AppData\Local\Temp\testng-eclipse-1026310058\testng-customsuite.xml
at org.testng.internal.Parameters.createParams(Parameters.java:270)
at org.testng.internal.Parameters.createParametersForMethod(Parameters.java:358)
at org.testng.internal.Parameters.createParameters(Parameters.java:700)
at org.testng.internal.Parameters.createConfigurationParameters(Parameters.java:168)
at org.testng.internal.ConfigInvoker.invokeConfigurations(ConfigInvoker.java:302)
at org.testng.internal.TestInvoker.runConfigMethods(TestInvoker.java:700)
at org.testng.internal.TestInvoker.invokeMethod(TestInvoker.java:527)
at org.testng.internal.TestInvoker.invokeTestMethod(TestInvoker.java:173)
at org.testng.internal.MethodRunner.runInSequence(MethodRunner.java:46)
at org.testng.internal.TestInvoker$MethodInvocationAgent.invoke(TestInvoker.java:824)
at org.testng.internal.TestInvoker.invokeTestMethods(TestInvoker.java:146)
at org.testng.internal.TestMethodWorker.invokeTestMethods(TestMethodWorker.java:146)
at org.testng.internal.TestMethodWorker.run(TestMethodWorker.java:128)
at java.base/java.util.ArrayList.forEach(ArrayList.java:1511)
at org.testng.TestRunner.privateRun(TestRunner.java:794)
at org.testng.TestRunner.run(TestRunner.java:596)
at org.testng.SuiteRunner.runTest(SuiteRunner.java:377)
at org.testng.SuiteRunner.runSequentially(SuiteRunner.java:371)
at org.testng.SuiteRunner.privateRun(SuiteRunner.java:332)
at org.testng.SuiteRunner.run(SuiteRunner.java:276)
at org.testng.SuiteRunnerWorker.runSuite(SuiteRunnerWorker.java:53)
at org.testng.SuiteRunnerWorker.run(SuiteRunnerWorker.java:96)
at org.testng.TestNG.runSuitesSequentially(TestNG.java:1212)
at org.testng.TestNG.runSuitesLocally(TestNG.java:1134)
at org.testng.TestNG.runSuites(TestNG.java:1063)
at org.testng.TestNG.run(TestNG.java:1031)
at org.testng.remote.AbstractRemoteTestNG.run(AbstractRemoteTestNG.java:115)
at org.testng.remote.RemoteTestNG.initAndRun(RemoteTestNG.java:251)
at org.testng.remote.RemoteTestNG.main(RemoteTestNG.java:77)
]]>
    </failure>
  </testcase> <!-- @BeforeMethod Setup_Test_Case_Company -->
  <testcase classname="Test_case.Test_Case_Company" name="@AfterMethod Tear_Down" time="-1.663842215757E9">
    <skipped/>
  </testcase> <!-- @AfterMethod Tear_Down -->
  <testcase classname="Test_case.Test_Case_Company" name="@BeforeMethod Setup_Test_Case_Company" time="-1.663842215806E9">
    <skipped/>
  </testcase> <!-- @BeforeMethod Setup_Test_Case_Company -->
  <testcase classname="Test_case.Test_Case_Company" name="@AfterMethod Tear_Down" time="-1.663842215809E9">
    <skipped/>
  </testcase> <!-- @AfterMethod Tear_Down -->
  <testcase classname="Test_case.Test_Case_Company" name="@BeforeMethod Setup_Test_Case_Company" time="-1.663842215809E9">
    <skipped/>
  </testcase> <!-- @BeforeMethod Setup_Test_Case_Company -->
  <testcase classname="Test_case.Test_Case_Company" name="@AfterMethod Tear_Down" time="-1.663842215811E9">
    <skipped/>
  </testcase> <!-- @AfterMethod Tear_Down -->
  <testcase classname="Test_case.Test_Case_Company" name="@BeforeMethod Setup_Test_Case_Company" time="-1.663842215812E9">
    <skipped/>
  </testcase> <!-- @BeforeMethod Setup_Test_Case_Company -->
  <testcase classname="Test_case.Test_Case_Company" name="@AfterMethod Tear_Down" time="-1.663842215814E9">
    <skipped/>
  </testcase> <!-- @AfterMethod Tear_Down -->
  <testcase classname="Test_case.Test_case_Calender" name="@BeforeMethod Intialization_Calender_page" time="-1.663842215849E9">
    <failure type="org.testng.TestNGException" message="
Parameter &amp;apos;Browser&amp;apos; is required by BeforeMethod on method Intialization_Calender_page but has not been marked @Optional or defined
in C:\Users\Akash.saha\AppData\Local\Temp\testng-eclipse-1026310058\testng-customsuite.xml">
      <![CDATA[org.testng.TestNGException: 
Parameter 'Browser' is required by BeforeMethod on method Intialization_Calender_page but has not been marked @Optional or defined
in C:\Users\Akash.saha\AppData\Local\Temp\testng-eclipse-1026310058\testng-customsuite.xml
at org.testng.internal.Parameters.createParams(Parameters.java:270)
at org.testng.internal.Parameters.createParametersForMethod(Parameters.java:358)
at org.testng.internal.Parameters.createParameters(Parameters.java:700)
at org.testng.internal.Parameters.createConfigurationParameters(Parameters.java:168)
at org.testng.internal.ConfigInvoker.invokeConfigurations(ConfigInvoker.java:302)
at org.testng.internal.TestInvoker.runConfigMethods(TestInvoker.java:700)
at org.testng.internal.TestInvoker.invokeMethod(TestInvoker.java:527)
at org.testng.internal.TestInvoker.invokeTestMethod(TestInvoker.java:173)
at org.testng.internal.MethodRunner.runInSequence(MethodRunner.java:46)
at org.testng.internal.TestInvoker$MethodInvocationAgent.invoke(TestInvoker.java:824)
at org.testng.internal.TestInvoker.invokeTestMethods(TestInvoker.java:146)
at org.testng.internal.TestMethodWorker.invokeTestMethods(TestMethodWorker.java:146)
at org.testng.internal.TestMethodWorker.run(TestMethodWorker.java:128)
at java.base/java.util.ArrayList.forEach(ArrayList.java:1511)
at org.testng.TestRunner.privateRun(TestRunner.java:794)
at org.testng.TestRunner.run(TestRunner.java:596)
at org.testng.SuiteRunner.runTest(SuiteRunner.java:377)
at org.testng.SuiteRunner.runSequentially(SuiteRunner.java:371)
at org.testng.SuiteRunner.privateRun(SuiteRunner.java:332)
at org.testng.SuiteRunner.run(SuiteRunner.java:276)
at org.testng.SuiteRunnerWorker.runSuite(SuiteRunnerWorker.java:53)
at org.testng.SuiteRunnerWorker.run(SuiteRunnerWorker.java:96)
at org.testng.TestNG.runSuitesSequentially(TestNG.java:1212)
at org.testng.TestNG.runSuitesLocally(TestNG.java:1134)
at org.testng.TestNG.runSuites(TestNG.java:1063)
at org.testng.TestNG.run(TestNG.java:1031)
at org.testng.remote.AbstractRemoteTestNG.run(AbstractRemoteTestNG.java:115)
at org.testng.remote.RemoteTestNG.initAndRun(RemoteTestNG.java:251)
at org.testng.remote.RemoteTestNG.main(RemoteTestNG.java:77)
]]>
    </failure>
  </testcase> <!-- @BeforeMethod Intialization_Calender_page -->
  <testcase classname="Test_case.Test_case_Calender" name="@AfterMethod Tear_Down" time="-1.663842215851E9">
    <skipped/>
  </testcase> <!-- @AfterMethod Tear_Down -->
  <testcase classname="Test_case.Test_case_Calender" name="@BeforeMethod Intialization_Calender_page" time="-1.663842215882E9">
    <skipped/>
  </testcase> <!-- @BeforeMethod Intialization_Calender_page -->
  <testcase classname="Test_case.Test_case_Calender" name="@AfterMethod Tear_Down" time="-1.663842215883E9">
    <skipped/>
  </testcase> <!-- @AfterMethod Tear_Down -->
  <testcase classname="Test_case.Test_Case_Home" name="@BeforeMethod Setup_Test_Case_Home" time="-1.663842215884E9">
    <failure type="org.testng.TestNGException" message="
Parameter &amp;apos;Browser&amp;apos; is required by BeforeMethod on method Setup_Test_Case_Home but has not been marked @Optional or defined
in C:\Users\Akash.saha\AppData\Local\Temp\testng-eclipse-1026310058\testng-customsuite.xml">
      <![CDATA[org.testng.TestNGException: 
Parameter 'Browser' is required by BeforeMethod on method Setup_Test_Case_Home but has not been marked @Optional or defined
in C:\Users\Akash.saha\AppData\Local\Temp\testng-eclipse-1026310058\testng-customsuite.xml
at org.testng.internal.Parameters.createParams(Parameters.java:270)
at org.testng.internal.Parameters.createParametersForMethod(Parameters.java:358)
at org.testng.internal.Parameters.createParameters(Parameters.java:700)
at org.testng.internal.Parameters.createConfigurationParameters(Parameters.java:168)
at org.testng.internal.ConfigInvoker.invokeConfigurations(ConfigInvoker.java:302)
at org.testng.internal.TestInvoker.runConfigMethods(TestInvoker.java:700)
at org.testng.internal.TestInvoker.invokeMethod(TestInvoker.java:527)
at org.testng.internal.TestInvoker.invokeTestMethod(TestInvoker.java:173)
at org.testng.internal.MethodRunner.runInSequence(MethodRunner.java:46)
at org.testng.internal.TestInvoker$MethodInvocationAgent.invoke(TestInvoker.java:824)
at org.testng.internal.TestInvoker.invokeTestMethods(TestInvoker.java:146)
at org.testng.internal.TestMethodWorker.invokeTestMethods(TestMethodWorker.java:146)
at org.testng.internal.TestMethodWorker.run(TestMethodWorker.java:128)
at java.base/java.util.ArrayList.forEach(ArrayList.java:1511)
at org.testng.TestRunner.privateRun(TestRunner.java:794)
at org.testng.TestRunner.run(TestRunner.java:596)
at org.testng.SuiteRunner.runTest(SuiteRunner.java:377)
at org.testng.SuiteRunner.runSequentially(SuiteRunner.java:371)
at org.testng.SuiteRunner.privateRun(SuiteRunner.java:332)
at org.testng.SuiteRunner.run(SuiteRunner.java:276)
at org.testng.SuiteRunnerWorker.runSuite(SuiteRunnerWorker.java:53)
at org.testng.SuiteRunnerWorker.run(SuiteRunnerWorker.java:96)
at org.testng.TestNG.runSuitesSequentially(TestNG.java:1212)
at org.testng.TestNG.runSuitesLocally(TestNG.java:1134)
at org.testng.TestNG.runSuites(TestNG.java:1063)
at org.testng.TestNG.run(TestNG.java:1031)
at org.testng.remote.AbstractRemoteTestNG.run(AbstractRemoteTestNG.java:115)
at org.testng.remote.RemoteTestNG.initAndRun(RemoteTestNG.java:251)
at org.testng.remote.RemoteTestNG.main(RemoteTestNG.java:77)
]]>
    </failure>
  </testcase> <!-- @BeforeMethod Setup_Test_Case_Home -->
  <testcase classname="Test_case.Test_Case_Home" name="@AfterMethod teardown" time="-1.663842215885E9">
    <skipped/>
  </testcase> <!-- @AfterMethod teardown -->
  <testcase classname="Test_case.Test_Case_Home" name="@BeforeMethod Setup_Test_Case_Home" time="-1.663842215886E9">
    <skipped/>
  </testcase> <!-- @BeforeMethod Setup_Test_Case_Home -->
  <testcase classname="Test_case.Test_Case_Home" name="@AfterMethod teardown" time="-1.663842215887E9">
    <skipped/>
  </testcase> <!-- @AfterMethod teardown -->
  <testcase classname="Test_case.Test_Case_Home" name="@BeforeMethod Setup_Test_Case_Home" time="-1.663842215887E9">
    <skipped/>
  </testcase> <!-- @BeforeMethod Setup_Test_Case_Home -->
  <testcase classname="Test_case.Test_Case_Home" name="@AfterMethod teardown" time="-1.663842215889E9">
    <skipped/>
  </testcase> <!-- @AfterMethod teardown -->
  <testcase classname="Test_case.Test_Case_Home" name="@BeforeMethod Setup_Test_Case_Home" time="-1.663842215889E9">
    <skipped/>
  </testcase> <!-- @BeforeMethod Setup_Test_Case_Home -->
  <testcase classname="Test_case.Test_Case_Home" name="@AfterMethod teardown" time="-1.66384221589E9">
    <skipped/>
  </testcase> <!-- @AfterMethod teardown -->
  <testcase classname="Test_case.Test_Case_Home" name="@BeforeMethod Setup_Test_Case_Home" time="-1.663842215891E9">
    <skipped/>
  </testcase> <!-- @BeforeMethod Setup_Test_Case_Home -->
  <testcase classname="Test_case.Test_Case_Home" name="@AfterMethod teardown" time="-1.663842215892E9">
    <skipped/>
  </testcase> <!-- @AfterMethod teardown -->
  <testcase classname="Test_case.Test_Case_Deals" name="@BeforeMethod Setup_Test_Case_Contact" time="-1.663842215893E9">
    <failure type="org.testng.TestNGException" message="
Parameter &amp;apos;Browser&amp;apos; is required by BeforeMethod on method Setup_Test_Case_Contact but has not been marked @Optional or defined
in C:\Users\Akash.saha\AppData\Local\Temp\testng-eclipse-1026310058\testng-customsuite.xml">
      <![CDATA[org.testng.TestNGException: 
Parameter 'Browser' is required by BeforeMethod on method Setup_Test_Case_Contact but has not been marked @Optional or defined
in C:\Users\Akash.saha\AppData\Local\Temp\testng-eclipse-1026310058\testng-customsuite.xml
at org.testng.internal.Parameters.createParams(Parameters.java:270)
at org.testng.internal.Parameters.createParametersForMethod(Parameters.java:358)
at org.testng.internal.Parameters.createParameters(Parameters.java:700)
at org.testng.internal.Parameters.createConfigurationParameters(Parameters.java:168)
at org.testng.internal.ConfigInvoker.invokeConfigurations(ConfigInvoker.java:302)
at org.testng.internal.TestInvoker.runConfigMethods(TestInvoker.java:700)
at org.testng.internal.TestInvoker.invokeMethod(TestInvoker.java:527)
at org.testng.internal.TestInvoker.invokeTestMethod(TestInvoker.java:173)
at org.testng.internal.MethodRunner.runInSequence(MethodRunner.java:46)
at org.testng.internal.TestInvoker$MethodInvocationAgent.invoke(TestInvoker.java:824)
at org.testng.internal.TestInvoker.invokeTestMethods(TestInvoker.java:146)
at org.testng.internal.TestMethodWorker.invokeTestMethods(TestMethodWorker.java:146)
at org.testng.internal.TestMethodWorker.run(TestMethodWorker.java:128)
at java.base/java.util.ArrayList.forEach(ArrayList.java:1511)
at org.testng.TestRunner.privateRun(TestRunner.java:794)
at org.testng.TestRunner.run(TestRunner.java:596)
at org.testng.SuiteRunner.runTest(SuiteRunner.java:377)
at org.testng.SuiteRunner.runSequentially(SuiteRunner.java:371)
at org.testng.SuiteRunner.privateRun(SuiteRunner.java:332)
at org.testng.SuiteRunner.run(SuiteRunner.java:276)
at org.testng.SuiteRunnerWorker.runSuite(SuiteRunnerWorker.java:53)
at org.testng.SuiteRunnerWorker.run(SuiteRunnerWorker.java:96)
at org.testng.TestNG.runSuitesSequentially(TestNG.java:1212)
at org.testng.TestNG.runSuitesLocally(TestNG.java:1134)
at org.testng.TestNG.runSuites(TestNG.java:1063)
at org.testng.TestNG.run(TestNG.java:1031)
at org.testng.remote.AbstractRemoteTestNG.run(AbstractRemoteTestNG.java:115)
at org.testng.remote.RemoteTestNG.initAndRun(RemoteTestNG.java:251)
at org.testng.remote.RemoteTestNG.main(RemoteTestNG.java:77)
]]>
    </failure>
  </testcase> <!-- @BeforeMethod Setup_Test_Case_Contact -->
  <testcase classname="Test_case.Test_Case_Deals" name="@AfterMethod Tear_Down" time="-1.663842215894E9">
    <skipped/>
  </testcase> <!-- @AfterMethod Tear_Down -->
  <testcase classname="Test_case.Test_Case_Deals" name="@BeforeMethod Setup_Test_Case_Contact" time="-1.663842215925E9">
    <skipped/>
  </testcase> <!-- @BeforeMethod Setup_Test_Case_Contact -->
  <testcase classname="Test_case.Test_Case_Deals" name="@AfterMethod Tear_Down" time="-1.663842215927E9">
    <skipped/>
  </testcase> <!-- @AfterMethod Tear_Down -->
  <testcase classname="Test_case.Test_Case_Deals" name="@BeforeMethod Setup_Test_Case_Contact" time="-1.663842215928E9">
    <skipped/>
  </testcase> <!-- @BeforeMethod Setup_Test_Case_Contact -->
  <testcase classname="Test_case.Test_Case_Deals" name="@AfterMethod Tear_Down" time="-1.663842215929E9">
    <skipped/>
  </testcase> <!-- @AfterMethod Tear_Down -->
  <testcase classname="Test_case.Test_Case_Deals" name="@BeforeMethod Setup_Test_Case_Contact" time="-1.663842215929E9">
    <skipped/>
  </testcase> <!-- @BeforeMethod Setup_Test_Case_Contact -->
  <testcase classname="Test_case.Test_Case_Deals" name="@AfterMethod Tear_Down" time="-1.66384221593E9">
    <skipped/>
  </testcase> <!-- @AfterMethod Tear_Down -->
  <testcase classname="Test_case.Test_Case_Deals" name="@BeforeMethod Setup_Test_Case_Contact" time="-1.663842215931E9">
    <skipped/>
  </testcase> <!-- @BeforeMethod Setup_Test_Case_Contact -->
  <testcase classname="Test_case.Test_Case_Deals" name="@AfterMethod Tear_Down" time="-1.663842215932E9">
    <skipped/>
  </testcase> <!-- @AfterMethod Tear_Down -->
  <testcase classname="Test_case.Test_Case_Deals" name="@BeforeMethod Setup_Test_Case_Contact" time="-1.663842215961E9">
    <skipped/>
  </testcase> <!-- @BeforeMethod Setup_Test_Case_Contact -->
  <testcase classname="Test_case.Test_Case_Deals" name="@AfterMethod Tear_Down" time="-1.663842215962E9">
    <skipped/>
  </testcase> <!-- @AfterMethod Tear_Down -->
  <testcase classname="Test_case.Test_Case_Task" name="@BeforeMethod Intialization_Task" time="-1.663842216014E9">
    <failure type="org.testng.TestNGException" message="
Parameter &amp;apos;Browser&amp;apos; is required by BeforeMethod on method Intialization_Task but has not been marked @Optional or defined
in C:\Users\Akash.saha\AppData\Local\Temp\testng-eclipse-1026310058\testng-customsuite.xml">
      <![CDATA[org.testng.TestNGException: 
Parameter 'Browser' is required by BeforeMethod on method Intialization_Task but has not been marked @Optional or defined
in C:\Users\Akash.saha\AppData\Local\Temp\testng-eclipse-1026310058\testng-customsuite.xml
at org.testng.internal.Parameters.createParams(Parameters.java:270)
at org.testng.internal.Parameters.createParametersForMethod(Parameters.java:358)
at org.testng.internal.Parameters.createParameters(Parameters.java:700)
at org.testng.internal.Parameters.createConfigurationParameters(Parameters.java:168)
at org.testng.internal.ConfigInvoker.invokeConfigurations(ConfigInvoker.java:302)
at org.testng.internal.TestInvoker.runConfigMethods(TestInvoker.java:700)
at org.testng.internal.TestInvoker.invokeMethod(TestInvoker.java:527)
at org.testng.internal.TestInvoker.invokeTestMethod(TestInvoker.java:173)
at org.testng.internal.MethodRunner.runInSequence(MethodRunner.java:46)
at org.testng.internal.TestInvoker$MethodInvocationAgent.invoke(TestInvoker.java:824)
at org.testng.internal.TestInvoker.invokeTestMethods(TestInvoker.java:146)
at org.testng.internal.TestMethodWorker.invokeTestMethods(TestMethodWorker.java:146)
at org.testng.internal.TestMethodWorker.run(TestMethodWorker.java:128)
at java.base/java.util.ArrayList.forEach(ArrayList.java:1511)
at org.testng.TestRunner.privateRun(TestRunner.java:794)
at org.testng.TestRunner.run(TestRunner.java:596)
at org.testng.SuiteRunner.runTest(SuiteRunner.java:377)
at org.testng.SuiteRunner.runSequentially(SuiteRunner.java:371)
at org.testng.SuiteRunner.privateRun(SuiteRunner.java:332)
at org.testng.SuiteRunner.run(SuiteRunner.java:276)
at org.testng.SuiteRunnerWorker.runSuite(SuiteRunnerWorker.java:53)
at org.testng.SuiteRunnerWorker.run(SuiteRunnerWorker.java:96)
at org.testng.TestNG.runSuitesSequentially(TestNG.java:1212)
at org.testng.TestNG.runSuitesLocally(TestNG.java:1134)
at org.testng.TestNG.runSuites(TestNG.java:1063)
at org.testng.TestNG.run(TestNG.java:1031)
at org.testng.remote.AbstractRemoteTestNG.run(AbstractRemoteTestNG.java:115)
at org.testng.remote.RemoteTestNG.initAndRun(RemoteTestNG.java:251)
at org.testng.remote.RemoteTestNG.main(RemoteTestNG.java:77)
]]>
    </failure>
  </testcase> <!-- @BeforeMethod Intialization_Task -->
  <testcase classname="Test_case.Test_Case_Task" name="@AfterMethod Tear_down" time="-1.663842216015E9">
    <skipped/>
  </testcase> <!-- @AfterMethod Tear_down -->
  <testcase classname="Test_case.Test_Case_Task" name="@BeforeMethod Intialization_Task" time="-1.663842216038E9">
    <skipped/>
  </testcase> <!-- @BeforeMethod Intialization_Task -->
  <testcase classname="Test_case.Test_Case_Task" name="@AfterMethod Tear_down" time="-1.66384221604E9">
    <skipped/>
  </testcase> <!-- @AfterMethod Tear_down -->
  <testcase classname="Test_case.Test_Case_Contact" name="@BeforeMethod Setup_Test_Case_Contact" time="-1.663842216041E9">
    <failure type="org.testng.TestNGException" message="
Parameter &amp;apos;Browser&amp;apos; is required by BeforeMethod on method Setup_Test_Case_Contact but has not been marked @Optional or defined
in C:\Users\Akash.saha\AppData\Local\Temp\testng-eclipse-1026310058\testng-customsuite.xml">
      <![CDATA[org.testng.TestNGException: 
Parameter 'Browser' is required by BeforeMethod on method Setup_Test_Case_Contact but has not been marked @Optional or defined
in C:\Users\Akash.saha\AppData\Local\Temp\testng-eclipse-1026310058\testng-customsuite.xml
at org.testng.internal.Parameters.createParams(Parameters.java:270)
at org.testng.internal.Parameters.createParametersForMethod(Parameters.java:358)
at org.testng.internal.Parameters.createParameters(Parameters.java:700)
at org.testng.internal.Parameters.createConfigurationParameters(Parameters.java:168)
at org.testng.internal.ConfigInvoker.invokeConfigurations(ConfigInvoker.java:302)
at org.testng.internal.TestInvoker.runConfigMethods(TestInvoker.java:700)
at org.testng.internal.TestInvoker.invokeMethod(TestInvoker.java:527)
at org.testng.internal.TestInvoker.invokeTestMethod(TestInvoker.java:173)
at org.testng.internal.MethodRunner.runInSequence(MethodRunner.java:46)
at org.testng.internal.TestInvoker$MethodInvocationAgent.invoke(TestInvoker.java:824)
at org.testng.internal.TestInvoker.invokeTestMethods(TestInvoker.java:146)
at org.testng.internal.TestMethodWorker.invokeTestMethods(TestMethodWorker.java:146)
at org.testng.internal.TestMethodWorker.run(TestMethodWorker.java:128)
at java.base/java.util.ArrayList.forEach(ArrayList.java:1511)
at org.testng.TestRunner.privateRun(TestRunner.java:794)
at org.testng.TestRunner.run(TestRunner.java:596)
at org.testng.SuiteRunner.runTest(SuiteRunner.java:377)
at org.testng.SuiteRunner.runSequentially(SuiteRunner.java:371)
at org.testng.SuiteRunner.privateRun(SuiteRunner.java:332)
at org.testng.SuiteRunner.run(SuiteRunner.java:276)
at org.testng.SuiteRunnerWorker.runSuite(SuiteRunnerWorker.java:53)
at org.testng.SuiteRunnerWorker.run(SuiteRunnerWorker.java:96)
at org.testng.TestNG.runSuitesSequentially(TestNG.java:1212)
at org.testng.TestNG.runSuitesLocally(TestNG.java:1134)
at org.testng.TestNG.runSuites(TestNG.java:1063)
at org.testng.TestNG.run(TestNG.java:1031)
at org.testng.remote.AbstractRemoteTestNG.run(AbstractRemoteTestNG.java:115)
at org.testng.remote.RemoteTestNG.initAndRun(RemoteTestNG.java:251)
at org.testng.remote.RemoteTestNG.main(RemoteTestNG.java:77)
]]>
    </failure>
  </testcase> <!-- @BeforeMethod Setup_Test_Case_Contact -->
  <testcase classname="Test_case.Test_Case_Contact" name="@AfterMethod tear_down" time="-1.663842216043E9">
    <skipped/>
  </testcase> <!-- @AfterMethod tear_down -->
  <testcase classname="Test_case.Test_Case_Contact" name="@BeforeMethod Setup_Test_Case_Contact" time="-1.663842216065E9">
    <skipped/>
  </testcase> <!-- @BeforeMethod Setup_Test_Case_Contact -->
  <testcase classname="Test_case.Test_Case_Contact" name="@AfterMethod tear_down" time="-1.663842216066E9">
    <skipped/>
  </testcase> <!-- @AfterMethod tear_down -->
  <testcase classname="Test_case.Test_Case_Contact" name="@BeforeMethod Setup_Test_Case_Contact" time="-1.663842216086E9">
    <skipped/>
  </testcase> <!-- @BeforeMethod Setup_Test_Case_Contact -->
  <testcase classname="Test_case.Test_Case_Contact" name="@AfterMethod tear_down" time="-1.663842216087E9">
    <skipped/>
  </testcase> <!-- @AfterMethod tear_down -->
  <testcase classname="Test_case.Test_Case_Contact" name="@BeforeMethod Setup_Test_Case_Contact" time="-1.663842216108E9">
    <skipped/>
  </testcase> <!-- @BeforeMethod Setup_Test_Case_Contact -->
  <testcase classname="Test_case.Test_Case_Contact" name="@AfterMethod tear_down" time="-1.663842216109E9">
    <skipped/>
  </testcase> <!-- @AfterMethod tear_down -->
  <testcase classname="Test_case.Test_Case_Login" name="Login_TC_1" time="0.0">
    <skipped/>
  </testcase> <!-- Login_TC_1 -->
  <testcase classname="Test_case.Test_Case_Login" name="Login_TC_2" time="0.0">
    <skipped/>
  </testcase> <!-- Login_TC_2 -->
  <testcase classname="Test_case.Test_Case_Login" name="Login_TC_6" time="0.0">
    <skipped/>
  </testcase> <!-- Login_TC_6 -->
  <testcase classname="Test_case.Test_Case_Login" name="Login_TC_6" time="0.0">
    <skipped/>
  </testcase> <!-- Login_TC_6 -->
  <testcase classname="Test_case.Test_Case_Login" name="Login_TC_6" time="0.0">
    <skipped/>
  </testcase> <!-- Login_TC_6 -->
  <testcase classname="Test_case.Test_Case_Login" name="Login_TC_3" time="0.0">
    <skipped/>
  </testcase> <!-- Login_TC_3 -->
  <testcase classname="Test_case.Test_Case_Login" name="Login_TC_4" time="0.0">
    <skipped/>
  </testcase> <!-- Login_TC_4 -->
  <testcase classname="Test_case.Test_Case_Login" name="Login_TC_5" time="0.0">
    <skipped/>
  </testcase> <!-- Login_TC_5 -->
  <testcase classname="Test_case.Test_Case_Company" name="Comapny_TC_1" time="0.0">
    <skipped/>
  </testcase> <!-- Comapny_TC_1 -->
  <testcase classname="Test_case.Test_Case_Company" name="Comapny_TC_2" time="0.0">
    <skipped/>
  </testcase> <!-- Comapny_TC_2 -->
  <testcase classname="Test_case.Test_Case_Company" name="Comapny_TC_3" time="0.0">
    <skipped/>
  </testcase> <!-- Comapny_TC_3 -->
  <testcase classname="Test_case.Test_Case_Company" name="Comapny_TC_4" time="0.0">
    <skipped/>
  </testcase> <!-- Comapny_TC_4 -->
  <testcase classname="Test_case.Test_case_Calender" name="Calender_TC_1" time="0.0">
    <skipped/>
  </testcase> <!-- Calender_TC_1 -->
  <testcase classname="Test_case.Test_case_Calender" name="Calender_TC_2" time="0.0">
    <skipped/>
  </testcase> <!-- Calender_TC_2 -->
  <testcase classname="Test_case.Test_Case_Home" name="Home_TC1" time="0.0">
    <skipped/>
  </testcase> <!-- Home_TC1 -->
  <testcase classname="Test_case.Test_Case_Home" name="Home_TC2" time="0.0">
    <skipped/>
  </testcase> <!-- Home_TC2 -->
  <testcase classname="Test_case.Test_Case_Home" name="Home_TC3" time="0.0">
    <skipped/>
  </testcase> <!-- Home_TC3 -->
  <testcase classname="Test_case.Test_Case_Home" name="Home_TC4" time="0.0">
    <skipped/>
  </testcase> <!-- Home_TC4 -->
  <testcase classname="Test_case.Test_Case_Home" name="Home_TC5" time="0.0">
    <skipped/>
  </testcase> <!-- Home_TC5 -->
  <testcase classname="Test_case.Test_Case_Deals" name="Deals_page_TC_1" time="0.0">
    <skipped/>
  </testcase> <!-- Deals_page_TC_1 -->
  <testcase classname="Test_case.Test_Case_Deals" name="Deals_page_TC_2" time="0.0">
    <skipped/>
  </testcase> <!-- Deals_page_TC_2 -->
  <testcase classname="Test_case.Test_Case_Deals" name="Deals_page_TC_3" time="0.0">
    <skipped/>
  </testcase> <!-- Deals_page_TC_3 -->
  <testcase classname="Test_case.Test_Case_Deals" name="Deals_page_TC_5" time="0.0">
    <skipped/>
  </testcase> <!-- Deals_page_TC_5 -->
  <testcase classname="Test_case.Test_Case_Deals" name="Deals_page_TC_6" time="0.0">
    <skipped/>
  </testcase> <!-- Deals_page_TC_6 -->
  <testcase classname="Test_case.Test_Case_Deals" name="Deals_page_TC_7" time="0.0">
    <skipped/>
  </testcase> <!-- Deals_page_TC_7 -->
  <testcase classname="Test_case.Test_Case_Case" name="Test_Case_Case_TC_2" time="0.0">
    <skipped/>
  </testcase> <!-- Test_Case_Case_TC_2 -->
  <testcase classname="Test_case.Test_Case_Task" name="Task_TC_1" time="0.0">
    <skipped/>
  </testcase> <!-- Task_TC_1 -->
  <testcase classname="Test_case.Test_Case_Task" name="Task_TC_2" time="0.0">
    <skipped/>
  </testcase> <!-- Task_TC_2 -->
  <testcase classname="Test_case.Test_Case_Contact" name="Contact_TC_1" time="0.0">
    <skipped/>
  </testcase> <!-- Contact_TC_1 -->
  <testcase classname="Test_case.Test_Case_Contact" name="Contact_TC_2" time="0.0">
    <skipped/>
  </testcase> <!-- Contact_TC_2 -->
  <testcase classname="Test_case.Test_Case_Contact" name="Contact_TC_3" time="0.0">
    <skipped/>
  </testcase> <!-- Contact_TC_3 -->
  <testcase classname="Test_case.Test_Case_Contact" name="Contact_TC_4" time="0.0">
    <skipped/>
  </testcase> <!-- Contact_TC_4 -->
  <testcase classname="Test_case.Test_Case_Case" name="Test_Case_Case_TC_1" time="0.0">
    <ignored/>
  </testcase> <!-- Test_Case_Case_TC_1 -->
  <testcase classname="Test_case.Test_Case_Case" name="Test_Case_Case_TC_2" time="0.0">
    <ignored/>
  </testcase> <!-- Test_Case_Case_TC_2 -->
  <testcase classname="Test_case.Test_Case_Deals" name="Deals_page_TC_4" time="0.0">
    <ignored/>
  </testcase> <!-- Deals_page_TC_4 -->
</testsuite> <!-- Default test -->
