<!DOCTYPE html PUBLIC "-//W3C//DTD XHTML 1.1//EN" "https://www.w3.org/TR/xhtml11/DTD/xhtml11.dtd">
<html xmlns="https://www.w3.org/1999/xhtml">
<head>
<meta http-equiv="content-type" content="text/html; charset=UTF-8"/>
<title>TestNG Report</title>
<style type="text/css">table {margin-bottom:10px;border-collapse:collapse;empty-cells:show}th,td {border:1px solid #009;padding:.25em .5em}th {vertical-align:bottom}td {vertical-align:top}table a {font-weight:bold}.stripe td {background-color: #E6EBF9}.num {text-align:right}.passedodd td {background-color: #3F3}.passedeven td {background-color: #0A0}.skippedodd td {background-color: #DDD}.skippedeven td {background-color: #CCC}.failedodd td,.attn {background-color: #F33}.failedeven td,.stripe .attn {background-color: #D00}.stacktrace {white-space:pre;font-family:monospace}.totop {font-size:85%;text-align:center;border-bottom:2px solid #000}.invisible {display:none}</style>
</head>
<body>
<table>
<tr><th>Test</th><th># Passed</th><th># Skipped</th><th># Retried</th><th># Failed</th><th>Time (ms)</th><th>Included Groups</th><th>Excluded Groups</th></tr>
<tr><th colspan="8">Suite</th></tr>
<tr><td><a href="#t0">Test</a></td><td class="num">24</td><td class="num">0</td><td class="num">0</td><td class="num attn">2</td><td class="num">780,894</td><td></td><td></td></tr>
</table>
<table id='summary'><thead><tr><th>Class</th><th>Method</th><th>Start</th><th>Time (ms)</th></tr></thead><tbody><tr><th colspan="4">Suite</th></tr></tbody><tbody id="t0"><tr><th colspan="4">Test &#8212; failed</th></tr><tr class="failedeven"><td rowspan="1">Test_case.Test_Case_Contact</td><td><a href="#m0">Contact_TC_3</a></td><td rowspan="1">1658843318133</td><td rowspan="1">10640</td></tr><tr class="failedodd"><td rowspan="1">Test_case.Test_Case_Deals</td><td><a href="#m1">Deals_page_TC_4</a></td><td rowspan="1">1658843604026</td><td rowspan="1">30048</td></tr><tr><th colspan="4">Test &#8212; passed</th></tr><tr class="passedeven"><td rowspan="4">Test_case.Test_Case_Company</td><td><a href="#m2">Comapny_TC_1</a></td><td rowspan="1">1658843381491</td><td rowspan="1">13977</td></tr><tr class="passedeven"><td><a href="#m3">Comapny_TC_2</a></td><td rowspan="1">1658843413581</td><td rowspan="1">20710</td></tr><tr class="passedeven"><td><a href="#m4">Comapny_TC_3</a></td><td rowspan="1">1658843452327</td><td rowspan="1">3799</td></tr><tr class="passedeven"><td><a href="#m5">Comapny_TC_4</a></td><td rowspan="1">1658843481846</td><td rowspan="1">12841</td></tr><tr class="passedodd"><td rowspan="3">Test_case.Test_Case_Contact</td><td><a href="#m6">Contact_TC_1</a></td><td rowspan="1">1658843232680</td><td rowspan="1">12444</td></tr><tr class="passedodd"><td><a href="#m7">Contact_TC_2</a></td><td rowspan="1">1658843272873</td><td rowspan="1">21980</td></tr><tr class="passedodd"><td><a href="#m8">Contact_TC_4</a></td><td rowspan="1">1658843354289</td><td rowspan="1">9077</td></tr><tr class="passedeven"><td rowspan="6">Test_case.Test_Case_Deals</td><td><a href="#m9">Deals_page_TC_1</a></td><td rowspan="1">1658843516399</td><td rowspan="1">4810</td></tr><tr class="passedeven"><td><a href="#m10">Deals_page_TC_2</a></td><td rowspan="1">1658843541799</td><td rowspan="1">14302</td></tr><tr class="passedeven"><td><a href="#m11">Deals_page_TC_3</a></td><td rowspan="1">1658843576461</td><td rowspan="1">6329</td></tr><tr class="passedeven"><td><a href="#m12">Deals_page_TC_5</a></td><td rowspan="1">1658843656319</td><td rowspan="1">4356</td></tr><tr class="passedeven"><td><a href="#m13">Deals_page_TC_6</a></td><td rowspan="1">1658843683696</td><td rowspan="1">4096</td></tr><tr class="passedeven"><td><a href="#m14">Deals_page_TC_7</a></td><td rowspan="1">1658843708337</td><td rowspan="1">3872</td></tr><tr class="passedodd"><td rowspan="5">Test_case.Test_Case_Home</td><td><a href="#m15">Home_TC1</a></td><td rowspan="1">1658843112892</td><td rowspan="1">12132</td></tr><tr class="passedodd"><td><a href="#m16">Home_TC2</a></td><td rowspan="1">1658843143286</td><td rowspan="1">4114</td></tr><tr class="passedodd"><td><a href="#m17">Home_TC3</a></td><td rowspan="1">1658843165965</td><td rowspan="1">4049</td></tr><tr class="passedodd"><td><a href="#m18">Home_TC4</a></td><td rowspan="1">1658843189310</td><td rowspan="1">4062</td></tr><tr class="passedodd"><td><a href="#m19">Home_TC5</a></td><td rowspan="1">1658843209954</td><td rowspan="1">4132</td></tr><tr class="passedeven"><td rowspan="5">Test_case.Test_Case_Login</td><td><a href="#m20">Login_TC_1</a></td><td rowspan="1">1658842994426</td><td rowspan="1">3577</td></tr><tr class="passedeven"><td><a href="#m21">Login_TC_2</a></td><td rowspan="1">1658843010420</td><td rowspan="1">3149</td></tr><tr class="passedeven"><td><a href="#m22">Login_TC_3</a></td><td rowspan="1">1658843026597</td><td rowspan="1">108</td></tr><tr class="passedeven"><td><a href="#m23">Login_TC_4</a></td><td rowspan="1">1658843039860</td><td rowspan="1">14299</td></tr><tr class="passedeven"><td><a href="#m24">Login_TC_5</a></td><td rowspan="1">1658843066643</td><td rowspan="1">27371</td></tr><tr class="passedodd"><td rowspan="1">Test_case.Test_Case_Task</td><td><a href="#m25">Task_TC_2</a></td><td rowspan="1">1658843731612</td><td rowspan="1">27212</td></tr></tbody>
</table>
<h2>Test</h2><h3 id="m0">Test_case.Test_Case_Contact#Contact_TC_3</h3><table class="result"><tr><th>Exception</th></tr><tr><td><div class="stacktrace">org.openqa.selenium.InvalidSelectorException: invalid selector: The result of the xpath expression &quot;//*[@id=&quot;main-content&quot;]/div/div[2]/form/div[7]/div[2]/div/div/div/div[1]/div/div[1]/text()&quot; is: [object Text]. It should be an element.
  (Session info: chrome=103.0.5060.134)
For documentation on this error, please visit: https://www.seleniumhq.org/exceptions/invalid_selector_exception.html
Build info: version: &apos;3.141.59&apos;, revision: &apos;e82be7d358&apos;, time: &apos;2018-11-14T08:17:03&apos;
System info: host: &apos;DESKTOP-NQMJ256&apos;, ip: &apos;192.168.86.70&apos;, os.name: &apos;Windows 10&apos;, os.arch: &apos;amd64&apos;, os.version: &apos;10.0&apos;, java.version: &apos;17.0.1&apos;
Driver info: org.openqa.selenium.chrome.ChromeDriver
Capabilities {acceptInsecureCerts: false, browserName: chrome, browserVersion: 103.0.5060.134, chrome: {chromedriverVersion: 103.0.5060.134 (8ec6fce403b..., userDataDir: C:\Users\USER1~1\AppData\Lo...}, goog:chromeOptions: {debuggerAddress: localhost:51693}, javascriptEnabled: true, networkConnectionEnabled: false, pageLoadStrategy: normal, platform: WINDOWS, platformName: WINDOWS, proxy: Proxy(), setWindowRect: true, strictFileInteractability: false, timeouts: {implicit: 0, pageLoad: 300000, script: 30000}, unhandledPromptBehavior: dismiss and notify, webauthn:extension:credBlob: true, webauthn:extension:largeBlob: true, webauthn:virtualAuthenticators: true}
Session ID: 19846a4149faaa133328dd2bbc95a9e9
*** Element info: {Using=xpath, value=//*[@id=&quot;main-content&quot;]/div/div[2]/form/div[7]/div[2]/div/div/div/div[1]/div/div[1]/text()}
	at org.openqa.selenium.remote.http.W3CHttpResponseCodec.createException(W3CHttpResponseCodec.java:187)
	at org.openqa.selenium.remote.http.W3CHttpResponseCodec.decode(W3CHttpResponseCodec.java:122)
	at org.openqa.selenium.remote.http.W3CHttpResponseCodec.decode(W3CHttpResponseCodec.java:49)
	at org.openqa.selenium.remote.HttpCommandExecutor.execute(HttpCommandExecutor.java:158)
	at org.openqa.selenium.remote.service.DriverCommandExecutor.execute(DriverCommandExecutor.java:83)
	at org.openqa.selenium.remote.RemoteWebDriver.execute(RemoteWebDriver.java:552)
	at org.openqa.selenium.remote.RemoteWebDriver.findElement(RemoteWebDriver.java:323)
	at org.openqa.selenium.remote.RemoteWebDriver.findElementByXPath(RemoteWebDriver.java:428)
	at org.openqa.selenium.By$ByXPath.findElement(By.java:353)
	at org.openqa.selenium.remote.RemoteWebDriver.findElement(RemoteWebDriver.java:315)
	at org.openqa.selenium.support.events.EventFiringWebDriver.lambda$new$1(EventFiringWebDriver.java:105)
	at jdk.proxy2/jdk.proxy2.$Proxy12.findElement(Unknown Source)
	at org.openqa.selenium.support.events.EventFiringWebDriver.findElement(EventFiringWebDriver.java:194)
	at org.openqa.selenium.support.pagefactory.DefaultElementLocator.findElement(DefaultElementLocator.java:69)
	at org.openqa.selenium.support.pagefactory.internal.LocatingElementHandler.invoke(LocatingElementHandler.java:38)
	at jdk.proxy2/jdk.proxy2.$Proxy16.click(Unknown Source)
	at Page_Objects.Contact_Page_Object.Verify_Contact(Contact_Page_Object.java:236)
	at Test_case.Test_Case_Contact.Contact_TC_3(Test_Case_Contact.java:73)
	at java.base/java.util.ArrayList.forEach(ArrayList.java:1511)
... Removed 35 stack frames</div></td></tr></table><p class="totop"><a href="#summary">back to summary</a></p>
<h3 id="m1">Test_case.Test_Case_Deals#Deals_page_TC_4</h3><table class="result"><tr><th>Exception</th></tr><tr><td><div class="stacktrace">org.openqa.selenium.NoSuchElementException: no such element: Unable to locate element: {&quot;method&quot;:&quot;xpath&quot;,&quot;selector&quot;:&quot;//div[@class=&apos;ui fluid container no-margin&apos;] /a[contains(text(),&apos;Test_Deals&apos;)]&quot;}
  (Session info: chrome=103.0.5060.134)
For documentation on this error, please visit: https://www.seleniumhq.org/exceptions/no_such_element.html
Build info: version: &apos;3.141.59&apos;, revision: &apos;e82be7d358&apos;, time: &apos;2018-11-14T08:17:03&apos;
System info: host: &apos;DESKTOP-NQMJ256&apos;, ip: &apos;192.168.86.70&apos;, os.name: &apos;Windows 10&apos;, os.arch: &apos;amd64&apos;, os.version: &apos;10.0&apos;, java.version: &apos;17.0.1&apos;
Driver info: org.openqa.selenium.chrome.ChromeDriver
Capabilities {acceptInsecureCerts: false, browserName: chrome, browserVersion: 103.0.5060.134, chrome: {chromedriverVersion: 103.0.5060.134 (8ec6fce403b..., userDataDir: C:\Users\USER1~1\AppData\Lo...}, goog:chromeOptions: {debuggerAddress: localhost:52282}, javascriptEnabled: true, networkConnectionEnabled: false, pageLoadStrategy: normal, platform: WINDOWS, platformName: WINDOWS, proxy: Proxy(), setWindowRect: true, strictFileInteractability: false, timeouts: {implicit: 0, pageLoad: 300000, script: 30000}, unhandledPromptBehavior: dismiss and notify, webauthn:extension:credBlob: true, webauthn:extension:largeBlob: true, webauthn:virtualAuthenticators: true}
Session ID: b3d02090c384ab2e599fe4dcea3d56d7
*** Element info: {Using=xpath, value=//div[@class=&apos;ui fluid container no-margin&apos;] /a[contains(text(),&apos;Test_Deals&apos;)]}
	at org.openqa.selenium.remote.http.W3CHttpResponseCodec.createException(W3CHttpResponseCodec.java:187)
	at org.openqa.selenium.remote.http.W3CHttpResponseCodec.decode(W3CHttpResponseCodec.java:122)
	at org.openqa.selenium.remote.http.W3CHttpResponseCodec.decode(W3CHttpResponseCodec.java:49)
	at org.openqa.selenium.remote.HttpCommandExecutor.execute(HttpCommandExecutor.java:158)
	at org.openqa.selenium.remote.service.DriverCommandExecutor.execute(DriverCommandExecutor.java:83)
	at org.openqa.selenium.remote.RemoteWebDriver.execute(RemoteWebDriver.java:552)
	at org.openqa.selenium.remote.RemoteWebDriver.findElement(RemoteWebDriver.java:323)
	at org.openqa.selenium.remote.RemoteWebDriver.findElementByXPath(RemoteWebDriver.java:428)
	at org.openqa.selenium.By$ByXPath.findElement(By.java:353)
	at org.openqa.selenium.remote.RemoteWebDriver.findElement(RemoteWebDriver.java:315)
	at org.openqa.selenium.support.events.EventFiringWebDriver.lambda$new$1(EventFiringWebDriver.java:105)
	at jdk.proxy2/jdk.proxy2.$Proxy12.findElement(Unknown Source)
	at org.openqa.selenium.support.events.EventFiringWebDriver.findElement(EventFiringWebDriver.java:194)
	at org.openqa.selenium.support.pagefactory.DefaultElementLocator.findElement(DefaultElementLocator.java:69)
	at org.openqa.selenium.support.pagefactory.internal.LocatingElementHandler.invoke(LocatingElementHandler.java:38)
	at jdk.proxy2/jdk.proxy2.$Proxy16.isDisplayed(Unknown Source)
	at Page_Objects.Deals_Page_Object.Verify_Deals_dealsFrame(Deals_Page_Object.java:234)
	at Test_case.Test_Case_Deals.Deals_page_TC_4(Test_Case_Deals.java:82)
	at java.base/java.util.ArrayList.forEach(ArrayList.java:1511)
... Removed 35 stack frames</div></td></tr></table><p class="totop"><a href="#summary">back to summary</a></p>
<h3 id="m2">Test_case.Test_Case_Company#Comapny_TC_1</h3><table class="result"><tr><th class="invisible"/></tr></table><p class="totop"><a href="#summary">back to summary</a></p>
<h3 id="m3">Test_case.Test_Case_Company#Comapny_TC_2</h3><table class="result"><tr class="param"><th>Parameter #1</th><th>Parameter #2</th><th>Parameter #3</th><th>Parameter #4</th><th>Parameter #5</th><th>Parameter #6</th><th>Parameter #7</th><th>Parameter #8</th><th>Parameter #9</th><th>Parameter #10</th><th>Parameter #11</th><th>Parameter #12</th><th>Parameter #13</th><th>Parameter #14</th></tr><tr class="param stripe"><td>Test_Company</td><td>Sector 5</td><td>Kolkata</td><td>West Bengal</td><td>700147.0</td><td>7.003785365E9</td><td>Office</td><td>Testing perpose </td><td>AS@gmail.com</td><td>IT industry</td><td>100.0</td><td>â‚¹</td><td>10 million</td><td>03370037865989631245OI@</td></tr></table><p class="totop"><a href="#summary">back to summary</a></p>
<h3 id="m4">Test_case.Test_Case_Company#Comapny_TC_3</h3><table class="result"><tr><th class="invisible"/></tr></table><p class="totop"><a href="#summary">back to summary</a></p>
<h3 id="m5">Test_case.Test_Case_Company#Comapny_TC_4</h3><table class="result"><tr><th class="invisible"/></tr></table><p class="totop"><a href="#summary">back to summary</a></p>
<h3 id="m6">Test_case.Test_Case_Contact#Contact_TC_1</h3><table class="result"><tr><th class="invisible"/></tr></table><p class="totop"><a href="#summary">back to summary</a></p>
<h3 id="m7">Test_case.Test_Case_Contact#Contact_TC_2</h3><table class="result"><tr><th class="invisible"/></tr></table><p class="totop"><a href="#summary">back to summary</a></p>
<h3 id="m8">Test_case.Test_Case_Contact#Contact_TC_4</h3><table class="result"><tr><th class="invisible"/></tr></table><p class="totop"><a href="#summary">back to summary</a></p>
<h3 id="m9">Test_case.Test_Case_Deals#Deals_page_TC_1</h3><table class="result"><tr><th class="invisible"/></tr></table><p class="totop"><a href="#summary">back to summary</a></p>
<h3 id="m10">Test_case.Test_Case_Deals#Deals_page_TC_2</h3><table class="result"><tr class="param"><th>Parameter #1</th><th>Parameter #2</th><th>Parameter #3</th><th>Parameter #4</th><th>Parameter #5</th><th>Parameter #6</th></tr><tr class="param stripe"><td>Test_Deals</td><td>0.7</td><td>This is a test perpose Description</td><td>100.0</td><td>20.0</td><td>Description for test perpose</td></tr></table><p class="totop"><a href="#summary">back to summary</a></p>
<h3 id="m11">Test_case.Test_Case_Deals#Deals_page_TC_3</h3><table class="result"><tr><th class="invisible"/></tr></table><p class="totop"><a href="#summary">back to summary</a></p>
<h3 id="m12">Test_case.Test_Case_Deals#Deals_page_TC_5</h3><table class="result"><tr><th class="invisible"/></tr></table><p class="totop"><a href="#summary">back to summary</a></p>
<h3 id="m13">Test_case.Test_Case_Deals#Deals_page_TC_6</h3><table class="result"><tr><th class="invisible"/></tr></table><p class="totop"><a href="#summary">back to summary</a></p>
<h3 id="m14">Test_case.Test_Case_Deals#Deals_page_TC_7</h3><table class="result"><tr><th class="invisible"/></tr></table><p class="totop"><a href="#summary">back to summary</a></p>
<h3 id="m15">Test_case.Test_Case_Home#Home_TC1</h3><table class="result"><tr><th class="invisible"/></tr></table><p class="totop"><a href="#summary">back to summary</a></p>
<h3 id="m16">Test_case.Test_Case_Home#Home_TC2</h3><table class="result"><tr><th class="invisible"/></tr></table><p class="totop"><a href="#summary">back to summary</a></p>
<h3 id="m17">Test_case.Test_Case_Home#Home_TC3</h3><table class="result"><tr><th class="invisible"/></tr></table><p class="totop"><a href="#summary">back to summary</a></p>
<h3 id="m18">Test_case.Test_Case_Home#Home_TC4</h3><table class="result"><tr><th class="invisible"/></tr></table><p class="totop"><a href="#summary">back to summary</a></p>
<h3 id="m19">Test_case.Test_Case_Home#Home_TC5</h3><table class="result"><tr><th class="invisible"/></tr></table><p class="totop"><a href="#summary">back to summary</a></p>
<h3 id="m20">Test_case.Test_Case_Login#Login_TC_1</h3><table class="result"><tr><th class="invisible"/></tr></table><p class="totop"><a href="#summary">back to summary</a></p>
<h3 id="m21">Test_case.Test_Case_Login#Login_TC_2</h3><table class="result"><tr><th class="invisible"/></tr></table><p class="totop"><a href="#summary">back to summary</a></p>
<h3 id="m22">Test_case.Test_Case_Login#Login_TC_3</h3><table class="result"><tr><th class="invisible"/></tr></table><p class="totop"><a href="#summary">back to summary</a></p>
<h3 id="m23">Test_case.Test_Case_Login#Login_TC_4</h3><table class="result"><tr><th class="invisible"/></tr></table><p class="totop"><a href="#summary">back to summary</a></p>
<h3 id="m24">Test_case.Test_Case_Login#Login_TC_5</h3><table class="result"><tr><th class="invisible"/></tr></table><p class="totop"><a href="#summary">back to summary</a></p>
<h3 id="m25">Test_case.Test_Case_Task#Task_TC_2</h3><table class="result"><tr class="param"><th>Parameter #1</th><th>Parameter #2</th><th>Parameter #3</th><th>Parameter #4</th><th>Parameter #5</th><th>Parameter #6</th><th>Parameter #7</th><th>Parameter #8</th><th>Parameter #9</th></tr><tr class="param stripe"><td>Test_Task</td><td>November</td><td>December</td><td>5.0</td><td>Akash@gmail.com</td><td>15.0</td><td>30.0</td><td>Technical Support</td><td>To test the Software </td></tr></table><p class="totop"><a href="#summary">back to summary</a></p>
</body>
</html>
