<?xml version="1.0" encoding="UTF-8"?>
<testng-results ignored="1" total="3" passed="2" failed="0" skipped="0">
  <reporter-output>
  </reporter-output>
  <suite started-at="2022-06-29T19:02:37 IST" name="Default suite" finished-at="2022-06-29T19:04:01 IST" duration-ms="84020">
    <groups>
    </groups>
    <test started-at="2022-06-29T19:02:37 IST" name="Default test" finished-at="2022-06-29T19:04:01 IST" duration-ms="84020">
      <class name="Test_case.Test_Case_Contact">
        <test-method is-config="true" signature="intialization_contact_page()[pri:0, instance:Test_case.Test_Case_Contact@50ad3bc1]" started-at="2022-06-29T19:02:37 IST" name="intialization_contact_page" finished-at="2022-06-29T19:03:05 IST" duration-ms="27687" status="PASS">
          <reporter-output>
          </reporter-output>
        </test-method> <!-- intialization_contact_page -->
        <test-method signature="TC_1()[pri:1, instance:Test_case.Test_Case_Contact@50ad3bc1]" started-at="2022-06-29T19:03:05 IST" name="TC_1" finished-at="2022-06-29T19:03:16 IST" duration-ms="11355" status="PASS">
          <reporter-output>
          </reporter-output>
        </test-method> <!-- TC_1 -->
        <test-method is-config="true" signature="intialization_contact_page()[pri:0, instance:Test_case.Test_Case_Contact@50ad3bc1]" started-at="2022-06-29T19:03:16 IST" name="intialization_contact_page" finished-at="2022-06-29T19:03:42 IST" duration-ms="26140" status="PASS">
          <reporter-output>
          </reporter-output>
        </test-method> <!-- intialization_contact_page -->
        <test-method signature="TC_2()[pri:2, instance:Test_case.Test_Case_Contact@50ad3bc1]" started-at="2022-06-29T19:03:42 IST" name="TC_2" finished-at="2022-06-29T19:04:01 IST" duration-ms="18808" status="PASS">
          <reporter-output>
          </reporter-output>
        </test-method> <!-- TC_2 -->
      </class> <!-- Test_case.Test_Case_Contact -->
    </test> <!-- Default test -->
  </suite> <!-- Default suite -->
</testng-results>
