<?xml version="1.0" encoding="UTF-8"?>
<testng-results ignored="0" total="1" passed="1" failed="0" skipped="0">
  <reporter-output>
  </reporter-output>
  <suite started-at="2022-09-19T19:37:37 IST" name="Suite" finished-at="2022-09-19T19:37:51 IST" duration-ms="13610">
    <groups>
    </groups>
    <test started-at="2022-09-19T19:37:37 IST" name="Test" finished-at="2022-09-19T19:37:51 IST" duration-ms="13610">
      <class name="Test_case.Test_Case_Case">
        <test-method is-config="true" signature="initialization_Case_Object(java.lang.String)[pri:0, instance:Test_case.Test_Case_Case@28eaa59a]" started-at="2022-09-19T19:37:38 IST" name="initialization_Case_Object" finished-at="2022-09-19T19:37:46 IST" duration-ms="8225" status="PASS">
          <params>
            <param index="0">
              <value>
                <![CDATA[Chrome]]>
              </value>
            </param>
          </params>
          <reporter-output>
          </reporter-output>
        </test-method> <!-- initialization_Case_Object -->
        <test-method signature="Test_Case_Case_TC_1(java.lang.String,java.lang.String,java.lang.String,java.lang.String,java.lang.String,java.lang.String,java.lang.String,java.lang.String,java.lang.String,java.lang.String,java.lang.String,java.lang.String,java.lang.String,java.lang.String,java.lang.String)[pri:0, instance:Test_case.Test_Case_Case@28eaa59a]" started-at="2022-09-19T19:37:46 IST" name="Test_Case_Case_TC_1" data-provider="Case_Data" finished-at="2022-09-19T19:37:51 IST" duration-ms="4996" status="PASS">
          <params>
            <param index="0">
              <value>
                <![CDATA[Test_CRM]]>
              </value>
            </param>
            <param index="1">
              <value>
                <![CDATA[Test Manager]]>
              </value>
            </param>
            <param index="2">
              <value>
                <![CDATA[Test_7894561230]]>
              </value>
            </param>
            <param index="3">
              <value>
                <![CDATA[Bas]]>
              </value>
            </param>
            <param index="4">
              <value>
                <![CDATA[test_deals]]>
              </value>
            </param>
            <param index="5">
              <value>
                <![CDATA[General Support]]>
              </value>
            </param>
            <param index="6">
              <value>
                <![CDATA[January 2023]]>
              </value>
            </param>
            <param index="7">
              <value>
                <![CDATA[March 2023]]>
              </value>
            </param>
            <param index="8">
              <value>
                <![CDATA[Test_Tag]]>
              </value>
            </param>
            <param index="9">
              <value>
                <![CDATA[To test the software]]>
              </value>
            </param>
            <param index="10">
              <value>
                <![CDATA[Normal]]>
              </value>
            </param>
            <param index="11">
              <value>
                <![CDATA[Reviewing]]>
              </value>
            </param>
            <param index="12">
              <value>
                <![CDATA[Akashsaha1997@gmail.com]]>
              </value>
            </param>
            <param index="13">
              <value>
                <![CDATA[18]]>
              </value>
            </param>
            <param index="14">
              <value>
                <![CDATA[11]]>
              </value>
            </param>
          </params>
          <reporter-output>
          </reporter-output>
        </test-method> <!-- Test_Case_Case_TC_1 -->
      </class> <!-- Test_case.Test_Case_Case -->
    </test> <!-- Test -->
  </suite> <!-- Suite -->
</testng-results>
