<?xml version="1.0" encoding="UTF-8"?>
<testng-results ignored="0" total="1" passed="1" failed="0" skipped="0">
  <reporter-output>
  </reporter-output>
  <suite started-at="2022-07-08T18:11:09 IST" name="Suite" finished-at="2022-07-08T18:11:46 IST" duration-ms="37703">
    <groups>
    </groups>
    <test started-at="2022-07-08T18:11:09 IST" name="Test" finished-at="2022-07-08T18:11:46 IST" duration-ms="37703">
      <class name="Test_case.Test_Case_Deals">
        <test-method is-config="true" signature="Setup_Test_Case_Contact(java.lang.String)[pri:0, instance:Test_case.Test_Case_Deals@6f46426d]" started-at="2022-07-08T18:11:09 IST" name="Setup_Test_Case_Contact" finished-at="2022-07-08T18:11:34 IST" duration-ms="25541" status="PASS">
          <params>
            <param index="0">
              <value>
                <![CDATA[Firefox]]>
              </value>
            </param>
          </params>
          <reporter-output>
          </reporter-output>
        </test-method> <!-- Setup_Test_Case_Contact -->
        <test-method signature="Deals_page_TC_2()[pri:0, instance:Test_case.Test_Case_Deals@6f46426d]" started-at="2022-07-08T18:11:34 IST" name="Deals_page_TC_2" finished-at="2022-07-08T18:11:46 IST" duration-ms="12139" status="PASS">
          <reporter-output>
          </reporter-output>
        </test-method> <!-- Deals_page_TC_2 -->
      </class> <!-- Test_case.Test_Case_Deals -->
    </test> <!-- Test -->
  </suite> <!-- Suite -->
</testng-results>
