<?xml version="1.0" encoding="UTF-8"?>
<testng-results ignored="0" total="1" passed="1" failed="0" skipped="0">
  <reporter-output>
  </reporter-output>
  <suite started-at="2022-08-08T18:51:05 IST" name="Suite" finished-at="2022-08-08T18:51:36 IST" duration-ms="31245">
    <groups>
    </groups>
    <test started-at="2022-08-08T18:51:05 IST" name="Test" finished-at="2022-08-08T18:51:36 IST" duration-ms="31245">
      <class name="Test_case.Test_case_Calender">
        <test-method is-config="true" signature="Intialization_Calender_page(java.lang.String)[pri:0, instance:Test_case.Test_case_Calender@4efc180e]" started-at="2022-08-08T18:51:05 IST" name="Intialization_Calender_page" finished-at="2022-08-08T18:51:23 IST" duration-ms="18224" status="PASS">
          <params>
            <param index="0">
              <value>
                <![CDATA[Chrome]]>
              </value>
            </param>
          </params>
          <reporter-output>
          </reporter-output>
        </test-method> <!-- Intialization_Calender_page -->
        <test-method signature="Calender_TC_1(java.lang.String,java.lang.String,java.lang.String,java.lang.String,java.lang.String,java.lang.String,java.lang.String,java.lang.String)[pri:1, instance:Test_case.Test_case_Calender@4efc180e]" started-at="2022-08-08T18:51:23 IST" name="Calender_TC_1" data-provider="Calender_data" finished-at="2022-08-08T18:51:36 IST" duration-ms="12633" status="PASS">
          <params>
            <param index="0">
              <value>
                <![CDATA[January 2023]]>
              </value>
            </param>
            <param index="1">
              <value>
                <![CDATA[19.0]]>
              </value>
            </param>
            <param index="2">
              <value>
                <![CDATA[Test_Event]]>
              </value>
            </param>
            <param index="3">
              <value>
                <![CDATA[Opportunity]]>
              </value>
            </param>
            <param index="4">
              <value>
                <![CDATA[Test_the version]]>
              </value>
            </param>
            <param index="5">
              <value>
                <![CDATA[kolkata, 700147]]>
              </value>
            </param>
            <param index="6">
              <value>
                <![CDATA[test]]>
              </value>
            </param>
            <param index="7">
              <value>
                <![CDATA[test]]>
              </value>
            </param>
          </params>
          <reporter-output>
          </reporter-output>
        </test-method> <!-- Calender_TC_1 -->
      </class> <!-- Test_case.Test_case_Calender -->
    </test> <!-- Test -->
  </suite> <!-- Suite -->
</testng-results>
