<?xml version="1.0" encoding="UTF-8"?>
<testng-results ignored="0" total="17" passed="17" failed="0" skipped="0">
  <reporter-output>
  </reporter-output>
  <suite started-at="2022-07-05T18:24:02 IST" name="Suite" finished-at="2022-07-05T18:32:37 IST" duration-ms="514483">
    <groups>
    </groups>
    <test started-at="2022-07-05T18:24:02 IST" name="Test" finished-at="2022-07-05T18:32:37 IST" duration-ms="514483">
      <class name="Test_case.Test_Case_Company">
        <test-method is-config="true" signature="intialization()[pri:0, instance:Test_case.Test_Case_Company@5d0a1059]" started-at="2022-07-05T18:30:28 IST" name="intialization" finished-at="2022-07-05T18:30:47 IST" duration-ms="19370" status="PASS">
          <reporter-output>
          </reporter-output>
        </test-method> <!-- intialization -->
        <test-method signature="Comapny_TC_1()[pri:1, instance:Test_case.Test_Case_Company@5d0a1059]" started-at="2022-07-05T18:30:47 IST" name="Comapny_TC_1" finished-at="2022-07-05T18:31:01 IST" duration-ms="13506" status="PASS">
          <reporter-output>
          </reporter-output>
        </test-method> <!-- Comapny_TC_1 -->
        <test-method is-config="true" signature="Tear_Down()[pri:0, instance:Test_case.Test_Case_Company@5d0a1059]" started-at="2022-07-05T18:31:01 IST" name="Tear_Down" finished-at="2022-07-05T18:31:01 IST" duration-ms="75" status="PASS">
          <reporter-output>
          </reporter-output>
        </test-method> <!-- Tear_Down -->
        <test-method is-config="true" signature="intialization()[pri:0, instance:Test_case.Test_Case_Company@5d0a1059]" started-at="2022-07-05T18:31:01 IST" name="intialization" finished-at="2022-07-05T18:31:21 IST" duration-ms="20151" status="PASS">
          <reporter-output>
          </reporter-output>
        </test-method> <!-- intialization -->
        <test-method signature="Comapny_TC_2()[pri:2, instance:Test_case.Test_Case_Company@5d0a1059]" started-at="2022-07-05T18:31:21 IST" name="Comapny_TC_2" finished-at="2022-07-05T18:31:41 IST" duration-ms="19856" status="PASS">
          <reporter-output>
          </reporter-output>
        </test-method> <!-- Comapny_TC_2 -->
        <test-method is-config="true" signature="Tear_Down()[pri:0, instance:Test_case.Test_Case_Company@5d0a1059]" started-at="2022-07-05T18:31:41 IST" name="Tear_Down" finished-at="2022-07-05T18:31:41 IST" duration-ms="78" status="PASS">
          <reporter-output>
          </reporter-output>
        </test-method> <!-- Tear_Down -->
        <test-method is-config="true" signature="intialization()[pri:0, instance:Test_case.Test_Case_Company@5d0a1059]" started-at="2022-07-05T18:31:41 IST" name="intialization" finished-at="2022-07-05T18:32:01 IST" duration-ms="19801" status="PASS">
          <reporter-output>
          </reporter-output>
        </test-method> <!-- intialization -->
        <test-method signature="Comapny_TC_3()[pri:3, instance:Test_case.Test_Case_Company@5d0a1059]" started-at="2022-07-05T18:32:01 IST" name="Comapny_TC_3" finished-at="2022-07-05T18:32:05 IST" duration-ms="3676" status="PASS">
          <reporter-output>
          </reporter-output>
        </test-method> <!-- Comapny_TC_3 -->
        <test-method is-config="true" signature="Tear_Down()[pri:0, instance:Test_case.Test_Case_Company@5d0a1059]" started-at="2022-07-05T18:32:05 IST" name="Tear_Down" finished-at="2022-07-05T18:32:05 IST" duration-ms="78" status="PASS">
          <reporter-output>
          </reporter-output>
        </test-method> <!-- Tear_Down -->
        <test-method is-config="true" signature="intialization()[pri:0, instance:Test_case.Test_Case_Company@5d0a1059]" started-at="2022-07-05T18:32:05 IST" name="intialization" finished-at="2022-07-05T18:32:25 IST" duration-ms="19834" status="PASS">
          <reporter-output>
          </reporter-output>
        </test-method> <!-- intialization -->
        <test-method signature="Comapny_TC_4()[pri:4, instance:Test_case.Test_Case_Company@5d0a1059]" started-at="2022-07-05T18:32:25 IST" name="Comapny_TC_4" finished-at="2022-07-05T18:32:37 IST" duration-ms="11979" status="PASS">
          <reporter-output>
          </reporter-output>
        </test-method> <!-- Comapny_TC_4 -->
        <test-method is-config="true" signature="Tear_Down()[pri:0, instance:Test_case.Test_Case_Company@5d0a1059]" started-at="2022-07-05T18:32:37 IST" name="Tear_Down" finished-at="2022-07-05T18:32:37 IST" duration-ms="96" status="PASS">
          <reporter-output>
          </reporter-output>
        </test-method> <!-- Tear_Down -->
      </class> <!-- Test_case.Test_Case_Company -->
      <class name="Test_case.Test_Case_Contact">
        <test-method is-config="true" signature="intialization_contact_page()[pri:0, instance:Test_case.Test_Case_Contact@c88a337]" started-at="2022-07-05T18:28:07 IST" name="intialization_contact_page" finished-at="2022-07-05T18:28:30 IST" duration-ms="22886" status="PASS">
          <reporter-output>
          </reporter-output>
        </test-method> <!-- intialization_contact_page -->
        <test-method signature="Contact_TC_1()[pri:1, instance:Test_case.Test_Case_Contact@c88a337]" started-at="2022-07-05T18:28:30 IST" name="Contact_TC_1" finished-at="2022-07-05T18:28:43 IST" duration-ms="12937" status="PASS">
          <reporter-output>
          </reporter-output>
        </test-method> <!-- Contact_TC_1 -->
        <test-method is-config="true" signature="tear_down()[pri:0, instance:Test_case.Test_Case_Contact@c88a337]" started-at="2022-07-05T18:28:43 IST" name="tear_down" finished-at="2022-07-05T18:28:47 IST" duration-ms="4167" status="PASS">
          <reporter-output>
          </reporter-output>
        </test-method> <!-- tear_down -->
        <test-method is-config="true" signature="intialization_contact_page()[pri:0, instance:Test_case.Test_Case_Contact@c88a337]" started-at="2022-07-05T18:28:47 IST" name="intialization_contact_page" finished-at="2022-07-05T18:29:10 IST" duration-ms="23258" status="PASS">
          <reporter-output>
          </reporter-output>
        </test-method> <!-- intialization_contact_page -->
        <test-method signature="Contact_TC_2()[pri:2, instance:Test_case.Test_Case_Contact@c88a337]" started-at="2022-07-05T18:29:10 IST" name="Contact_TC_2" finished-at="2022-07-05T18:29:34 IST" duration-ms="23494" status="PASS">
          <reporter-output>
          </reporter-output>
        </test-method> <!-- Contact_TC_2 -->
        <test-method is-config="true" signature="tear_down()[pri:0, instance:Test_case.Test_Case_Contact@c88a337]" started-at="2022-07-05T18:29:34 IST" name="tear_down" finished-at="2022-07-05T18:29:38 IST" duration-ms="4161" status="PASS">
          <reporter-output>
          </reporter-output>
        </test-method> <!-- tear_down -->
        <test-method is-config="true" signature="intialization_contact_page()[pri:0, instance:Test_case.Test_Case_Contact@c88a337]" started-at="2022-07-05T18:29:38 IST" name="intialization_contact_page" finished-at="2022-07-05T18:30:01 IST" duration-ms="23237" status="PASS">
          <reporter-output>
          </reporter-output>
        </test-method> <!-- intialization_contact_page -->
        <test-method signature="Contact_TC_3()[pri:3, instance:Test_case.Test_Case_Contact@c88a337]" started-at="2022-07-05T18:30:01 IST" name="Contact_TC_3" finished-at="2022-07-05T18:30:28 IST" duration-ms="27092" status="PASS">
          <reporter-output>
          </reporter-output>
        </test-method> <!-- Contact_TC_3 -->
        <test-method is-config="true" signature="tear_down()[pri:0, instance:Test_case.Test_Case_Contact@c88a337]" started-at="2022-07-05T18:30:28 IST" name="tear_down" finished-at="2022-07-05T18:30:28 IST" duration-ms="68" status="PASS">
          <reporter-output>
          </reporter-output>
        </test-method> <!-- tear_down -->
      </class> <!-- Test_case.Test_Case_Contact -->
      <class name="Test_case.Test_case_Login">
        <test-method is-config="true" signature="Setup()[pri:0, instance:Test_case.Test_case_Login@fa49800]" started-at="2022-07-05T18:24:02 IST" name="Setup" finished-at="2022-07-05T18:24:09 IST" duration-ms="6787" status="PASS">
          <reporter-output>
          </reporter-output>
        </test-method> <!-- Setup -->
        <test-method signature="Login_TC_1()[pri:1, instance:Test_case.Test_case_Login@fa49800]" started-at="2022-07-05T18:24:09 IST" name="Login_TC_1" finished-at="2022-07-05T18:24:14 IST" duration-ms="5023" status="PASS">
          <reporter-output>
          </reporter-output>
        </test-method> <!-- Login_TC_1 -->
        <test-method is-config="true" signature="teardown()[pri:0, instance:Test_case.Test_case_Login@fa49800]" started-at="2022-07-05T18:24:14 IST" name="teardown" finished-at="2022-07-05T18:24:18 IST" duration-ms="4148" status="PASS">
          <reporter-output>
          </reporter-output>
        </test-method> <!-- teardown -->
        <test-method is-config="true" signature="Setup()[pri:0, instance:Test_case.Test_case_Login@fa49800]" started-at="2022-07-05T18:24:18 IST" name="Setup" finished-at="2022-07-05T18:24:26 IST" duration-ms="7828" status="PASS">
          <reporter-output>
          </reporter-output>
        </test-method> <!-- Setup -->
        <test-method signature="Login_TC_2()[pri:2, instance:Test_case.Test_case_Login@fa49800]" started-at="2022-07-05T18:24:26 IST" name="Login_TC_2" finished-at="2022-07-05T18:24:30 IST" duration-ms="4039" status="PASS">
          <reporter-output>
          </reporter-output>
        </test-method> <!-- Login_TC_2 -->
        <test-method is-config="true" signature="teardown()[pri:0, instance:Test_case.Test_case_Login@fa49800]" started-at="2022-07-05T18:24:30 IST" name="teardown" finished-at="2022-07-05T18:24:34 IST" duration-ms="4157" status="PASS">
          <reporter-output>
          </reporter-output>
        </test-method> <!-- teardown -->
        <test-method is-config="true" signature="Setup()[pri:0, instance:Test_case.Test_case_Login@fa49800]" started-at="2022-07-05T18:24:34 IST" name="Setup" finished-at="2022-07-05T18:24:41 IST" duration-ms="7201" status="PASS">
          <reporter-output>
          </reporter-output>
        </test-method> <!-- Setup -->
        <test-method signature="Login_TC_3()[pri:3, instance:Test_case.Test_case_Login@fa49800]" started-at="2022-07-05T18:24:41 IST" name="Login_TC_3" finished-at="2022-07-05T18:24:41 IST" duration-ms="24" status="PASS">
          <reporter-output>
          </reporter-output>
        </test-method> <!-- Login_TC_3 -->
        <test-method is-config="true" signature="teardown()[pri:0, instance:Test_case.Test_case_Login@fa49800]" started-at="2022-07-05T18:24:41 IST" name="teardown" finished-at="2022-07-05T18:24:41 IST" duration-ms="45" status="PASS">
          <reporter-output>
          </reporter-output>
        </test-method> <!-- teardown -->
        <test-method is-config="true" signature="Setup()[pri:0, instance:Test_case.Test_case_Login@fa49800]" started-at="2022-07-05T18:24:41 IST" name="Setup" finished-at="2022-07-05T18:24:48 IST" duration-ms="7027" status="PASS">
          <reporter-output>
          </reporter-output>
        </test-method> <!-- Setup -->
        <test-method signature="Login_TC_4()[pri:4, instance:Test_case.Test_case_Login@fa49800]" started-at="2022-07-05T18:24:48 IST" name="Login_TC_4" finished-at="2022-07-05T18:25:06 IST" duration-ms="17189" status="PASS">
          <reporter-output>
          </reporter-output>
        </test-method> <!-- Login_TC_4 -->
        <test-method is-config="true" signature="teardown()[pri:0, instance:Test_case.Test_case_Login@fa49800]" started-at="2022-07-05T18:25:06 IST" name="teardown" finished-at="2022-07-05T18:25:10 IST" duration-ms="4136" status="PASS">
          <reporter-output>
          </reporter-output>
        </test-method> <!-- teardown -->
        <test-method is-config="true" signature="Setup()[pri:0, instance:Test_case.Test_case_Login@fa49800]" started-at="2022-07-05T18:25:10 IST" name="Setup" finished-at="2022-07-05T18:25:17 IST" duration-ms="7724" status="PASS">
          <reporter-output>
          </reporter-output>
        </test-method> <!-- Setup -->
        <test-method signature="Login_TC_5()[pri:5, instance:Test_case.Test_case_Login@fa49800]" started-at="2022-07-05T18:25:17 IST" name="Login_TC_5" finished-at="2022-07-05T18:25:51 IST" duration-ms="33281" status="PASS">
          <reporter-output>
          </reporter-output>
        </test-method> <!-- Login_TC_5 -->
        <test-method is-config="true" signature="teardown()[pri:0, instance:Test_case.Test_case_Login@fa49800]" started-at="2022-07-05T18:25:51 IST" name="teardown" finished-at="2022-07-05T18:25:55 IST" duration-ms="4150" status="PASS">
          <reporter-output>
          </reporter-output>
        </test-method> <!-- teardown -->
      </class> <!-- Test_case.Test_case_Login -->
      <class name="Test_case.Test_Case_Home">
        <test-method is-config="true" signature="intialization_home_page()[pri:0, instance:Test_case.Test_Case_Home@342c38f8]" started-at="2022-07-05T18:25:55 IST" name="intialization_home_page" finished-at="2022-07-05T18:26:16 IST" duration-ms="20918" status="PASS">
          <reporter-output>
          </reporter-output>
        </test-method> <!-- intialization_home_page -->
        <test-method signature="Home_TC1()[pri:1, instance:Test_case.Test_Case_Home@342c38f8]" started-at="2022-07-05T18:26:16 IST" name="Home_TC1" finished-at="2022-07-05T18:26:28 IST" duration-ms="12038" status="PASS">
          <reporter-output>
          </reporter-output>
        </test-method> <!-- Home_TC1 -->
        <test-method is-config="true" signature="teardown()[pri:0, instance:Test_case.Test_Case_Home@342c38f8]" started-at="2022-07-05T18:26:28 IST" name="teardown" finished-at="2022-07-05T18:26:28 IST" duration-ms="85" status="PASS">
          <reporter-output>
          </reporter-output>
        </test-method> <!-- teardown -->
        <test-method is-config="true" signature="intialization_home_page()[pri:0, instance:Test_case.Test_Case_Home@342c38f8]" started-at="2022-07-05T18:26:28 IST" name="intialization_home_page" finished-at="2022-07-05T18:26:47 IST" duration-ms="19276" status="PASS">
          <reporter-output>
          </reporter-output>
        </test-method> <!-- intialization_home_page -->
        <test-method signature="Home_TC2()[pri:2, instance:Test_case.Test_Case_Home@342c38f8]" started-at="2022-07-05T18:26:47 IST" name="Home_TC2" finished-at="2022-07-05T18:26:51 IST" duration-ms="4030" status="PASS">
          <reporter-output>
          </reporter-output>
        </test-method> <!-- Home_TC2 -->
        <test-method is-config="true" signature="teardown()[pri:0, instance:Test_case.Test_Case_Home@342c38f8]" started-at="2022-07-05T18:26:51 IST" name="teardown" finished-at="2022-07-05T18:26:51 IST" duration-ms="70" status="PASS">
          <reporter-output>
          </reporter-output>
        </test-method> <!-- teardown -->
        <test-method is-config="true" signature="intialization_home_page()[pri:0, instance:Test_case.Test_Case_Home@342c38f8]" started-at="2022-07-05T18:26:51 IST" name="intialization_home_page" finished-at="2022-07-05T18:27:12 IST" duration-ms="21044" status="PASS">
          <reporter-output>
          </reporter-output>
        </test-method> <!-- intialization_home_page -->
        <test-method signature="Home_TC3()[pri:3, instance:Test_case.Test_Case_Home@342c38f8]" started-at="2022-07-05T18:27:12 IST" name="Home_TC3" finished-at="2022-07-05T18:27:16 IST" duration-ms="4038" status="PASS">
          <reporter-output>
          </reporter-output>
        </test-method> <!-- Home_TC3 -->
        <test-method is-config="true" signature="teardown()[pri:0, instance:Test_case.Test_Case_Home@342c38f8]" started-at="2022-07-05T18:27:16 IST" name="teardown" finished-at="2022-07-05T18:27:16 IST" duration-ms="69" status="PASS">
          <reporter-output>
          </reporter-output>
        </test-method> <!-- teardown -->
        <test-method is-config="true" signature="intialization_home_page()[pri:0, instance:Test_case.Test_Case_Home@342c38f8]" started-at="2022-07-05T18:27:16 IST" name="intialization_home_page" finished-at="2022-07-05T18:27:37 IST" duration-ms="20502" status="PASS">
          <reporter-output>
          </reporter-output>
        </test-method> <!-- intialization_home_page -->
        <test-method signature="Home_TC4()[pri:4, instance:Test_case.Test_Case_Home@342c38f8]" started-at="2022-07-05T18:27:37 IST" name="Home_TC4" finished-at="2022-07-05T18:27:41 IST" duration-ms="4035" status="PASS">
          <reporter-output>
          </reporter-output>
        </test-method> <!-- Home_TC4 -->
        <test-method is-config="true" signature="teardown()[pri:0, instance:Test_case.Test_Case_Home@342c38f8]" started-at="2022-07-05T18:27:41 IST" name="teardown" finished-at="2022-07-05T18:27:41 IST" duration-ms="104" status="PASS">
          <reporter-output>
          </reporter-output>
        </test-method> <!-- teardown -->
        <test-method is-config="true" signature="intialization_home_page()[pri:0, instance:Test_case.Test_Case_Home@342c38f8]" started-at="2022-07-05T18:27:41 IST" name="intialization_home_page" finished-at="2022-07-05T18:28:03 IST" duration-ms="21534" status="PASS">
          <reporter-output>
          </reporter-output>
        </test-method> <!-- intialization_home_page -->
        <test-method signature="Home_TC5()[pri:5, instance:Test_case.Test_Case_Home@342c38f8]" started-at="2022-07-05T18:28:03 IST" name="Home_TC5" finished-at="2022-07-05T18:28:07 IST" duration-ms="4043" status="PASS">
          <reporter-output>
          </reporter-output>
        </test-method> <!-- Home_TC5 -->
        <test-method is-config="true" signature="teardown()[pri:0, instance:Test_case.Test_Case_Home@342c38f8]" started-at="2022-07-05T18:28:07 IST" name="teardown" finished-at="2022-07-05T18:28:07 IST" duration-ms="97" status="PASS">
          <reporter-output>
          </reporter-output>
        </test-method> <!-- teardown -->
      </class> <!-- Test_case.Test_Case_Home -->
    </test> <!-- Test -->
  </suite> <!-- Suite -->
</testng-results>
