<?xml version="1.0" encoding="UTF-8"?>
<testng-results ignored="0" total="5" passed="5" failed="0" skipped="0">
  <reporter-output>
  </reporter-output>
  <suite started-at="2022-07-19T19:02:18 IST" name="Suite" finished-at="2022-07-19T19:03:55 IST" duration-ms="96479">
    <groups>
    </groups>
    <test started-at="2022-07-19T19:02:18 IST" name="Test" finished-at="2022-07-19T19:03:55 IST" duration-ms="96479">
      <class name="Test_case.Test_Case_Login">
        <test-method is-config="true" signature="Setup_Test_Case_Login(java.lang.String)[pri:0, instance:Test_case.Test_Case_Login@5403f35f]" started-at="2022-07-19T19:02:18 IST" name="Setup_Test_Case_Login" finished-at="2022-07-19T19:02:25 IST" duration-ms="6579" status="PASS">
          <params>
            <param index="0">
              <value>
                <![CDATA[Chrome]]>
              </value>
            </param>
          </params>
          <reporter-output>
          </reporter-output>
        </test-method> <!-- Setup_Test_Case_Login -->
        <test-method signature="Login_TC_1()[pri:1, instance:Test_case.Test_Case_Login@5403f35f]" started-at="2022-07-19T19:02:25 IST" name="Login_TC_1" finished-at="2022-07-19T19:02:28 IST" duration-ms="3238" status="PASS">
          <reporter-output>
          </reporter-output>
        </test-method> <!-- Login_TC_1 -->
        <test-method is-config="true" signature="teardown()[pri:0, instance:Test_case.Test_Case_Login@5403f35f]" started-at="2022-07-19T19:02:28 IST" name="teardown" finished-at="2022-07-19T19:02:32 IST" duration-ms="4162" status="PASS">
          <reporter-output>
          </reporter-output>
        </test-method> <!-- teardown -->
        <test-method is-config="true" signature="Setup_Test_Case_Login(java.lang.String)[pri:0, instance:Test_case.Test_Case_Login@5403f35f]" started-at="2022-07-19T19:02:32 IST" name="Setup_Test_Case_Login" finished-at="2022-07-19T19:02:37 IST" duration-ms="5149" status="PASS">
          <params>
            <param index="0">
              <value>
                <![CDATA[Chrome]]>
              </value>
            </param>
          </params>
          <reporter-output>
          </reporter-output>
        </test-method> <!-- Setup_Test_Case_Login -->
        <test-method signature="Login_TC_2()[pri:2, instance:Test_case.Test_Case_Login@5403f35f]" started-at="2022-07-19T19:02:37 IST" name="Login_TC_2" finished-at="2022-07-19T19:02:40 IST" duration-ms="3130" status="PASS">
          <reporter-output>
          </reporter-output>
        </test-method> <!-- Login_TC_2 -->
        <test-method is-config="true" signature="teardown()[pri:0, instance:Test_case.Test_Case_Login@5403f35f]" started-at="2022-07-19T19:02:40 IST" name="teardown" finished-at="2022-07-19T19:02:40 IST" duration-ms="42" status="PASS">
          <reporter-output>
          </reporter-output>
        </test-method> <!-- teardown -->
        <test-method is-config="true" signature="Setup_Test_Case_Login(java.lang.String)[pri:0, instance:Test_case.Test_Case_Login@5403f35f]" started-at="2022-07-19T19:02:40 IST" name="Setup_Test_Case_Login" finished-at="2022-07-19T19:02:46 IST" duration-ms="5286" status="PASS">
          <params>
            <param index="0">
              <value>
                <![CDATA[Chrome]]>
              </value>
            </param>
          </params>
          <reporter-output>
          </reporter-output>
        </test-method> <!-- Setup_Test_Case_Login -->
        <test-method signature="Login_TC_3()[pri:3, instance:Test_case.Test_Case_Login@5403f35f]" started-at="2022-07-19T19:02:46 IST" name="Login_TC_3" finished-at="2022-07-19T19:02:46 IST" duration-ms="123" status="PASS">
          <reporter-output>
          </reporter-output>
        </test-method> <!-- Login_TC_3 -->
        <test-method is-config="true" signature="teardown()[pri:0, instance:Test_case.Test_Case_Login@5403f35f]" started-at="2022-07-19T19:02:46 IST" name="teardown" finished-at="2022-07-19T19:02:46 IST" duration-ms="41" status="PASS">
          <reporter-output>
          </reporter-output>
        </test-method> <!-- teardown -->
        <test-method is-config="true" signature="Setup_Test_Case_Login(java.lang.String)[pri:0, instance:Test_case.Test_Case_Login@5403f35f]" started-at="2022-07-19T19:02:46 IST" name="Setup_Test_Case_Login" finished-at="2022-07-19T19:02:53 IST" duration-ms="6830" status="PASS">
          <params>
            <param index="0">
              <value>
                <![CDATA[Chrome]]>
              </value>
            </param>
          </params>
          <reporter-output>
          </reporter-output>
        </test-method> <!-- Setup_Test_Case_Login -->
        <test-method signature="Login_TC_4()[pri:4, instance:Test_case.Test_Case_Login@5403f35f]" started-at="2022-07-19T19:02:53 IST" name="Login_TC_4" finished-at="2022-07-19T19:03:07 IST" duration-ms="14302" status="PASS">
          <reporter-output>
          </reporter-output>
        </test-method> <!-- Login_TC_4 -->
        <test-method is-config="true" signature="teardown()[pri:0, instance:Test_case.Test_Case_Login@5403f35f]" started-at="2022-07-19T19:03:07 IST" name="teardown" finished-at="2022-07-19T19:03:11 IST" duration-ms="4143" status="PASS">
          <reporter-output>
          </reporter-output>
        </test-method> <!-- teardown -->
        <test-method is-config="true" signature="Setup_Test_Case_Login(java.lang.String)[pri:0, instance:Test_case.Test_Case_Login@5403f35f]" started-at="2022-07-19T19:03:11 IST" name="Setup_Test_Case_Login" finished-at="2022-07-19T19:03:17 IST" duration-ms="5883" status="PASS">
          <params>
            <param index="0">
              <value>
                <![CDATA[Chrome]]>
              </value>
            </param>
          </params>
          <reporter-output>
          </reporter-output>
        </test-method> <!-- Setup_Test_Case_Login -->
        <test-method signature="Login_TC_5()[pri:5, instance:Test_case.Test_Case_Login@5403f35f]" started-at="2022-07-19T19:03:17 IST" name="Login_TC_5" finished-at="2022-07-19T19:03:50 IST" duration-ms="33393" status="PASS">
          <reporter-output>
          </reporter-output>
        </test-method> <!-- Login_TC_5 -->
        <test-method is-config="true" signature="teardown()[pri:0, instance:Test_case.Test_Case_Login@5403f35f]" started-at="2022-07-19T19:03:50 IST" name="teardown" finished-at="2022-07-19T19:03:55 IST" duration-ms="4149" status="PASS">
          <reporter-output>
          </reporter-output>
        </test-method> <!-- teardown -->
      </class> <!-- Test_case.Test_Case_Login -->
    </test> <!-- Test -->
  </suite> <!-- Suite -->
</testng-results>
