<?xml version="1.0" encoding="UTF-8"?>
<testng-results ignored="0" total="13" passed="13" failed="0" skipped="0">
  <reporter-output>
  </reporter-output>
  <suite started-at="2022-07-04T18:11:43 IST" name="Suite" finished-at="2022-07-04T18:18:15 IST" duration-ms="392690">
    <groups>
    </groups>
    <test started-at="2022-07-04T18:11:43 IST" name="Test" finished-at="2022-07-04T18:18:15 IST" duration-ms="392690">
      <class name="Test_case.Test_Case_Contact">
        <test-method is-config="true" signature="intialization_contact_page()[pri:0, instance:Test_case.Test_Case_Contact@e15b7e8]" started-at="2022-07-04T18:16:07 IST" name="intialization_contact_page" finished-at="2022-07-04T18:16:31 IST" duration-ms="24195" status="PASS">
          <reporter-output>
          </reporter-output>
        </test-method> <!-- intialization_contact_page -->
        <test-method signature="Contact_TC_2()[pri:1, instance:Test_case.Test_Case_Contact@e15b7e8]" started-at="2022-07-04T18:16:31 IST" name="Contact_TC_2" finished-at="2022-07-04T18:16:51 IST" duration-ms="20029" status="PASS">
          <reporter-output>
          </reporter-output>
        </test-method> <!-- Contact_TC_2 -->
        <test-method is-config="true" signature="tear_down()[pri:0, instance:Test_case.Test_Case_Contact@e15b7e8]" started-at="2022-07-04T18:16:51 IST" name="tear_down" finished-at="2022-07-04T18:16:51 IST" duration-ms="48" status="PASS">
          <reporter-output>
          </reporter-output>
        </test-method> <!-- tear_down -->
        <test-method is-config="true" signature="intialization_contact_page()[pri:0, instance:Test_case.Test_Case_Contact@e15b7e8]" started-at="2022-07-04T18:16:51 IST" name="intialization_contact_page" finished-at="2022-07-04T18:17:16 IST" duration-ms="24547" status="PASS">
          <reporter-output>
          </reporter-output>
        </test-method> <!-- intialization_contact_page -->
        <test-method signature="Contact_TC_1()[pri:2, instance:Test_case.Test_Case_Contact@e15b7e8]" started-at="2022-07-04T18:17:16 IST" name="Contact_TC_1" finished-at="2022-07-04T18:17:27 IST" duration-ms="11372" status="PASS">
          <reporter-output>
          </reporter-output>
        </test-method> <!-- Contact_TC_1 -->
        <test-method is-config="true" signature="tear_down()[pri:0, instance:Test_case.Test_Case_Contact@e15b7e8]" started-at="2022-07-04T18:17:27 IST" name="tear_down" finished-at="2022-07-04T18:17:31 IST" duration-ms="4148" status="PASS">
          <reporter-output>
          </reporter-output>
        </test-method> <!-- tear_down -->
        <test-method is-config="true" signature="intialization_contact_page()[pri:0, instance:Test_case.Test_Case_Contact@e15b7e8]" started-at="2022-07-04T18:17:31 IST" name="intialization_contact_page" finished-at="2022-07-04T18:17:56 IST" duration-ms="24291" status="PASS">
          <reporter-output>
          </reporter-output>
        </test-method> <!-- intialization_contact_page -->
        <test-method signature="Contact_TC_3()[pri:3, instance:Test_case.Test_Case_Contact@e15b7e8]" started-at="2022-07-04T18:17:56 IST" name="Contact_TC_3" finished-at="2022-07-04T18:18:15 IST" duration-ms="19612" status="PASS">
          <reporter-output>
          </reporter-output>
        </test-method> <!-- Contact_TC_3 -->
        <test-method is-config="true" signature="tear_down()[pri:0, instance:Test_case.Test_Case_Contact@e15b7e8]" started-at="2022-07-04T18:18:15 IST" name="tear_down" finished-at="2022-07-04T18:18:15 IST" duration-ms="45" status="PASS">
          <reporter-output>
          </reporter-output>
        </test-method> <!-- tear_down -->
      </class> <!-- Test_case.Test_Case_Contact -->
      <class name="Test_case.Test_case_Login">
        <test-method is-config="true" signature="Setup()[pri:0, instance:Test_case.Test_case_Login@6d4e5011]" started-at="2022-07-04T18:11:43 IST" name="Setup" finished-at="2022-07-04T18:11:49 IST" duration-ms="6604" status="PASS">
          <reporter-output>
          </reporter-output>
        </test-method> <!-- Setup -->
        <test-method signature="Login_TC_1()[pri:1, instance:Test_case.Test_case_Login@6d4e5011]" started-at="2022-07-04T18:11:49 IST" name="Login_TC_1" finished-at="2022-07-04T18:11:57 IST" duration-ms="8011" status="PASS">
          <reporter-output>
          </reporter-output>
        </test-method> <!-- Login_TC_1 -->
        <test-method is-config="true" signature="teardown()[pri:0, instance:Test_case.Test_case_Login@6d4e5011]" started-at="2022-07-04T18:11:57 IST" name="teardown" finished-at="2022-07-04T18:12:02 IST" duration-ms="4129" status="PASS">
          <reporter-output>
          </reporter-output>
        </test-method> <!-- teardown -->
        <test-method is-config="true" signature="Setup()[pri:0, instance:Test_case.Test_case_Login@6d4e5011]" started-at="2022-07-04T18:12:02 IST" name="Setup" finished-at="2022-07-04T18:12:08 IST" duration-ms="6090" status="PASS">
          <reporter-output>
          </reporter-output>
        </test-method> <!-- Setup -->
        <test-method signature="Login_TC_2()[pri:2, instance:Test_case.Test_case_Login@6d4e5011]" started-at="2022-07-04T18:12:08 IST" name="Login_TC_2" finished-at="2022-07-04T18:12:13 IST" duration-ms="5038" status="PASS">
          <reporter-output>
          </reporter-output>
        </test-method> <!-- Login_TC_2 -->
        <test-method is-config="true" signature="teardown()[pri:0, instance:Test_case.Test_case_Login@6d4e5011]" started-at="2022-07-04T18:12:13 IST" name="teardown" finished-at="2022-07-04T18:12:13 IST" duration-ms="60" status="PASS">
          <reporter-output>
          </reporter-output>
        </test-method> <!-- teardown -->
        <test-method is-config="true" signature="Setup()[pri:0, instance:Test_case.Test_case_Login@6d4e5011]" started-at="2022-07-04T18:12:13 IST" name="Setup" finished-at="2022-07-04T18:12:19 IST" duration-ms="6241" status="PASS">
          <reporter-output>
          </reporter-output>
        </test-method> <!-- Setup -->
        <test-method signature="Login_TC_3()[pri:3, instance:Test_case.Test_case_Login@6d4e5011]" started-at="2022-07-04T18:12:19 IST" name="Login_TC_3" finished-at="2022-07-04T18:12:20 IST" duration-ms="733" status="PASS">
          <reporter-output>
          </reporter-output>
        </test-method> <!-- Login_TC_3 -->
        <test-method is-config="true" signature="teardown()[pri:0, instance:Test_case.Test_case_Login@6d4e5011]" started-at="2022-07-04T18:12:20 IST" name="teardown" finished-at="2022-07-04T18:12:20 IST" duration-ms="45" status="PASS">
          <reporter-output>
          </reporter-output>
        </test-method> <!-- teardown -->
        <test-method is-config="true" signature="Setup()[pri:0, instance:Test_case.Test_case_Login@6d4e5011]" started-at="2022-07-04T18:12:20 IST" name="Setup" finished-at="2022-07-04T18:12:27 IST" duration-ms="7703" status="PASS">
          <reporter-output>
          </reporter-output>
        </test-method> <!-- Setup -->
        <test-method signature="Login_TC_4()[pri:4, instance:Test_case.Test_case_Login@6d4e5011]" started-at="2022-07-04T18:12:27 IST" name="Login_TC_4" finished-at="2022-07-04T18:12:46 IST" duration-ms="18249" status="PASS">
          <reporter-output>
          </reporter-output>
        </test-method> <!-- Login_TC_4 -->
        <test-method is-config="true" signature="teardown()[pri:0, instance:Test_case.Test_case_Login@6d4e5011]" started-at="2022-07-04T18:12:46 IST" name="teardown" finished-at="2022-07-04T18:12:50 IST" duration-ms="4144" status="PASS">
          <reporter-output>
          </reporter-output>
        </test-method> <!-- teardown -->
        <test-method is-config="true" signature="Setup()[pri:0, instance:Test_case.Test_case_Login@6d4e5011]" started-at="2022-07-04T18:12:50 IST" name="Setup" finished-at="2022-07-04T18:12:58 IST" duration-ms="7723" status="PASS">
          <reporter-output>
          </reporter-output>
        </test-method> <!-- Setup -->
        <test-method signature="Login_TC_5()[pri:5, instance:Test_case.Test_case_Login@6d4e5011]" started-at="2022-07-04T18:12:58 IST" name="Login_TC_5" finished-at="2022-07-04T18:13:31 IST" duration-ms="33380" status="PASS">
          <reporter-output>
          </reporter-output>
        </test-method> <!-- Login_TC_5 -->
        <test-method is-config="true" signature="teardown()[pri:0, instance:Test_case.Test_case_Login@6d4e5011]" started-at="2022-07-04T18:13:31 IST" name="teardown" finished-at="2022-07-04T18:13:35 IST" duration-ms="4156" status="PASS">
          <reporter-output>
          </reporter-output>
        </test-method> <!-- teardown -->
      </class> <!-- Test_case.Test_case_Login -->
      <class name="Test_case.Test_Case_Home">
        <test-method is-config="true" signature="intialization_home_page()[pri:0, instance:Test_case.Test_Case_Home@209da20d]" started-at="2022-07-04T18:13:35 IST" name="intialization_home_page" finished-at="2022-07-04T18:14:01 IST" duration-ms="25778" status="PASS">
          <reporter-output>
          </reporter-output>
        </test-method> <!-- intialization_home_page -->
        <test-method signature="Home_TC1()[pri:1, instance:Test_case.Test_Case_Home@209da20d]" started-at="2022-07-04T18:14:01 IST" name="Home_TC1" finished-at="2022-07-04T18:14:13 IST" duration-ms="12036" status="PASS">
          <reporter-output>
          </reporter-output>
        </test-method> <!-- Home_TC1 -->
        <test-method is-config="true" signature="teardown()[pri:0, instance:Test_case.Test_Case_Home@209da20d]" started-at="2022-07-04T18:14:13 IST" name="teardown" finished-at="2022-07-04T18:14:13 IST" duration-ms="75" status="PASS">
          <reporter-output>
          </reporter-output>
        </test-method> <!-- teardown -->
        <test-method is-config="true" signature="intialization_home_page()[pri:0, instance:Test_case.Test_Case_Home@209da20d]" started-at="2022-07-04T18:14:13 IST" name="intialization_home_page" finished-at="2022-07-04T18:14:37 IST" duration-ms="24365" status="PASS">
          <reporter-output>
          </reporter-output>
        </test-method> <!-- intialization_home_page -->
        <test-method signature="Home_TC2()[pri:2, instance:Test_case.Test_Case_Home@209da20d]" started-at="2022-07-04T18:14:37 IST" name="Home_TC2" finished-at="2022-07-04T18:14:41 IST" duration-ms="4036" status="PASS">
          <reporter-output>
          </reporter-output>
        </test-method> <!-- Home_TC2 -->
        <test-method is-config="true" signature="teardown()[pri:0, instance:Test_case.Test_Case_Home@209da20d]" started-at="2022-07-04T18:14:41 IST" name="teardown" finished-at="2022-07-04T18:14:41 IST" duration-ms="79" status="PASS">
          <reporter-output>
          </reporter-output>
        </test-method> <!-- teardown -->
        <test-method is-config="true" signature="intialization_home_page()[pri:0, instance:Test_case.Test_Case_Home@209da20d]" started-at="2022-07-04T18:14:41 IST" name="intialization_home_page" finished-at="2022-07-04T18:15:06 IST" duration-ms="24242" status="PASS">
          <reporter-output>
          </reporter-output>
        </test-method> <!-- intialization_home_page -->
        <test-method signature="Home_TC3()[pri:3, instance:Test_case.Test_Case_Home@209da20d]" started-at="2022-07-04T18:15:06 IST" name="Home_TC3" finished-at="2022-07-04T18:15:10 IST" duration-ms="4031" status="PASS">
          <reporter-output>
          </reporter-output>
        </test-method> <!-- Home_TC3 -->
        <test-method is-config="true" signature="teardown()[pri:0, instance:Test_case.Test_Case_Home@209da20d]" started-at="2022-07-04T18:15:10 IST" name="teardown" finished-at="2022-07-04T18:15:10 IST" duration-ms="89" status="PASS">
          <reporter-output>
          </reporter-output>
        </test-method> <!-- teardown -->
        <test-method is-config="true" signature="intialization_home_page()[pri:0, instance:Test_case.Test_Case_Home@209da20d]" started-at="2022-07-04T18:15:10 IST" name="intialization_home_page" finished-at="2022-07-04T18:15:34 IST" duration-ms="24270" status="PASS">
          <reporter-output>
          </reporter-output>
        </test-method> <!-- intialization_home_page -->
        <test-method signature="Home_TC4()[pri:4, instance:Test_case.Test_Case_Home@209da20d]" started-at="2022-07-04T18:15:34 IST" name="Home_TC4" finished-at="2022-07-04T18:15:38 IST" duration-ms="4042" status="PASS">
          <reporter-output>
          </reporter-output>
        </test-method> <!-- Home_TC4 -->
        <test-method is-config="true" signature="teardown()[pri:0, instance:Test_case.Test_Case_Home@209da20d]" started-at="2022-07-04T18:15:38 IST" name="teardown" finished-at="2022-07-04T18:15:38 IST" duration-ms="62" status="PASS">
          <reporter-output>
          </reporter-output>
        </test-method> <!-- teardown -->
        <test-method is-config="true" signature="intialization_home_page()[pri:0, instance:Test_case.Test_Case_Home@209da20d]" started-at="2022-07-04T18:15:38 IST" name="intialization_home_page" finished-at="2022-07-04T18:16:03 IST" duration-ms="24850" status="PASS">
          <reporter-output>
          </reporter-output>
        </test-method> <!-- intialization_home_page -->
        <test-method signature="Home_TC5()[pri:5, instance:Test_case.Test_Case_Home@209da20d]" started-at="2022-07-04T18:16:03 IST" name="Home_TC5" finished-at="2022-07-04T18:16:07 IST" duration-ms="4031" status="PASS">
          <reporter-output>
          </reporter-output>
        </test-method> <!-- Home_TC5 -->
        <test-method is-config="true" signature="teardown()[pri:0, instance:Test_case.Test_Case_Home@209da20d]" started-at="2022-07-04T18:16:07 IST" name="teardown" finished-at="2022-07-04T18:16:07 IST" duration-ms="74" status="PASS">
          <reporter-output>
          </reporter-output>
        </test-method> <!-- teardown -->
      </class> <!-- Test_case.Test_Case_Home -->
    </test> <!-- Test -->
  </suite> <!-- Suite -->
</testng-results>
