<?xml version="1.0" encoding="UTF-8"?>
<testng-results ignored="0" total="1" passed="1" failed="0" skipped="0">
  <reporter-output>
  </reporter-output>
  <suite started-at="2022-09-14T19:18:59 IST" name="Suite" finished-at="2022-09-14T19:19:14 IST" duration-ms="15378">
    <groups>
    </groups>
    <test started-at="2022-09-14T19:18:59 IST" name="Test" finished-at="2022-09-14T19:19:14 IST" duration-ms="15378">
      <class name="Test_case.Test_Case_Case">
        <test-method is-config="true" signature="initialization_Case_Object(java.lang.String)[pri:0, instance:Test_case.Test_Case_Case@3427b02d]" started-at="2022-09-14T19:18:59 IST" name="initialization_Case_Object" finished-at="2022-09-14T19:19:09 IST" duration-ms="9890" status="PASS">
          <params>
            <param index="0">
              <value>
                <![CDATA[Chrome]]>
              </value>
            </param>
          </params>
          <reporter-output>
          </reporter-output>
        </test-method> <!-- initialization_Case_Object -->
        <test-method signature="Test_Case_Case_TC_1()[pri:0, instance:Test_case.Test_Case_Case@3427b02d]" started-at="2022-09-14T19:19:09 IST" name="Test_Case_Case_TC_1" finished-at="2022-09-14T19:19:14 IST" duration-ms="5464" status="PASS">
          <reporter-output>
          </reporter-output>
        </test-method> <!-- Test_Case_Case_TC_1 -->
      </class> <!-- Test_case.Test_Case_Case -->
    </test> <!-- Test -->
  </suite> <!-- Suite -->
</testng-results>
