<?xml version="1.0" encoding="UTF-8"?>
<testng-results ignored="0" total="4" passed="4" failed="0" skipped="0">
  <reporter-output>
  </reporter-output>
  <suite started-at="2022-08-12T16:28:28 IST" name="Suite" finished-at="2022-08-12T16:30:35 IST" duration-ms="127153">
    <groups>
    </groups>
    <test started-at="2022-08-12T16:28:28 IST" name="Test" finished-at="2022-08-12T16:30:35 IST" duration-ms="127153">
      <class name="Test_case.Test_Case_Contact">
        <test-method is-config="true" signature="Setup_Test_Case_Contact(java.lang.String)[pri:0, instance:Test_case.Test_Case_Contact@5562c41e]" started-at="2022-08-12T16:28:28 IST" name="Setup_Test_Case_Contact" finished-at="2022-08-12T16:28:47 IST" duration-ms="19613" status="PASS">
          <params>
            <param index="0">
              <value>
                <![CDATA[Chrome]]>
              </value>
            </param>
          </params>
          <reporter-output>
          </reporter-output>
        </test-method> <!-- Setup_Test_Case_Contact -->
        <test-method signature="Contact_TC_1()[pri:1, instance:Test_case.Test_Case_Contact@5562c41e]" started-at="2022-08-12T16:28:47 IST" name="Contact_TC_1" finished-at="2022-08-12T16:29:01 IST" duration-ms="13349" status="PASS">
          <reporter-output>
          </reporter-output>
        </test-method> <!-- Contact_TC_1 -->
        <test-method is-config="true" signature="tear_down()[pri:0, instance:Test_case.Test_Case_Contact@5562c41e]" started-at="2022-08-12T16:29:01 IST" name="tear_down" finished-at="2022-08-12T16:29:03 IST" duration-ms="2414" status="PASS">
          <reporter-output>
          </reporter-output>
        </test-method> <!-- tear_down -->
        <test-method is-config="true" signature="Setup_Test_Case_Contact(java.lang.String)[pri:0, instance:Test_case.Test_Case_Contact@5562c41e]" started-at="2022-08-12T16:29:04 IST" name="Setup_Test_Case_Contact" finished-at="2022-08-12T16:29:22 IST" duration-ms="18858" status="PASS">
          <params>
            <param index="0">
              <value>
                <![CDATA[Chrome]]>
              </value>
            </param>
          </params>
          <reporter-output>
          </reporter-output>
        </test-method> <!-- Setup_Test_Case_Contact -->
        <test-method signature="Contact_TC_2(java.lang.String,java.lang.String,java.lang.String,java.lang.String,java.lang.String,java.lang.String,java.lang.String,java.lang.String,java.lang.String,java.lang.String,java.lang.String,java.lang.String)[pri:2, instance:Test_case.Test_Case_Contact@5562c41e]" started-at="2022-08-12T16:29:22 IST" name="Contact_TC_2" data-provider="Contact_Data" finished-at="2022-08-12T16:29:39 IST" duration-ms="17067" status="PASS">
          <params>
            <param index="0">
              <value>
                <![CDATA[Akash]]>
              </value>
            </param>
            <param index="1">
              <value>
                <![CDATA[test]]>
              </value>
            </param>
            <param index="2">
              <value>
                <![CDATA[Saha]]>
              </value>
            </param>
            <param index="3">
              <value>
                <![CDATA[Akash@gmail.com]]>
              </value>
            </param>
            <param index="4">
              <value>
                <![CDATA[Just for test]]>
              </value>
            </param>
            <param index="5">
              <value>
                <![CDATA[Subhasgram]]>
              </value>
            </param>
            <param index="6">
              <value>
                <![CDATA[Kolkata]]>
              </value>
            </param>
            <param index="7">
              <value>
                <![CDATA[Westbengal]]>
              </value>
            </param>
            <param index="8">
              <value>
                <![CDATA[700147.0]]>
              </value>
            </param>
            <param index="9">
              <value>
                <![CDATA[9.988774455E9]]>
              </value>
            </param>
            <param index="10">
              <value>
                <![CDATA[Test team manual]]>
              </value>
            </param>
            <param index="11">
              <value>
                <![CDATA[Tester manual]]>
              </value>
            </param>
          </params>
          <reporter-output>
          </reporter-output>
        </test-method> <!-- Contact_TC_2 -->
        <test-method is-config="true" signature="tear_down()[pri:0, instance:Test_case.Test_Case_Contact@5562c41e]" started-at="2022-08-12T16:29:39 IST" name="tear_down" finished-at="2022-08-12T16:29:39 IST" duration-ms="50" status="PASS">
          <reporter-output>
          </reporter-output>
        </test-method> <!-- tear_down -->
        <test-method is-config="true" signature="Setup_Test_Case_Contact(java.lang.String)[pri:0, instance:Test_case.Test_Case_Contact@5562c41e]" started-at="2022-08-12T16:29:40 IST" name="Setup_Test_Case_Contact" finished-at="2022-08-12T16:29:58 IST" duration-ms="18454" status="PASS">
          <params>
            <param index="0">
              <value>
                <![CDATA[Chrome]]>
              </value>
            </param>
          </params>
          <reporter-output>
          </reporter-output>
        </test-method> <!-- Setup_Test_Case_Contact -->
        <test-method signature="Contact_TC_3(java.lang.String,java.lang.String,java.lang.String,java.lang.String,java.lang.String,java.lang.String,java.lang.String,java.lang.String,java.lang.String,java.lang.String,java.lang.String,java.lang.String)[pri:3, instance:Test_case.Test_Case_Contact@5562c41e]" started-at="2022-08-12T16:29:58 IST" name="Contact_TC_3" data-provider="Contact_Data" finished-at="2022-08-12T16:30:01 IST" duration-ms="3072" status="PASS">
          <params>
            <param index="0">
              <value>
                <![CDATA[Akash]]>
              </value>
            </param>
            <param index="1">
              <value>
                <![CDATA[test]]>
              </value>
            </param>
            <param index="2">
              <value>
                <![CDATA[Saha]]>
              </value>
            </param>
            <param index="3">
              <value>
                <![CDATA[Akash@gmail.com]]>
              </value>
            </param>
            <param index="4">
              <value>
                <![CDATA[Just for test]]>
              </value>
            </param>
            <param index="5">
              <value>
                <![CDATA[Subhasgram]]>
              </value>
            </param>
            <param index="6">
              <value>
                <![CDATA[Kolkata]]>
              </value>
            </param>
            <param index="7">
              <value>
                <![CDATA[Westbengal]]>
              </value>
            </param>
            <param index="8">
              <value>
                <![CDATA[700147.0]]>
              </value>
            </param>
            <param index="9">
              <value>
                <![CDATA[9.988774455E9]]>
              </value>
            </param>
            <param index="10">
              <value>
                <![CDATA[Test team manual]]>
              </value>
            </param>
            <param index="11">
              <value>
                <![CDATA[Tester manual]]>
              </value>
            </param>
          </params>
          <reporter-output>
          </reporter-output>
        </test-method> <!-- Contact_TC_3 -->
        <test-method is-config="true" signature="tear_down()[pri:0, instance:Test_case.Test_Case_Contact@5562c41e]" started-at="2022-08-12T16:30:01 IST" name="tear_down" finished-at="2022-08-12T16:30:01 IST" duration-ms="53" status="PASS">
          <reporter-output>
          </reporter-output>
        </test-method> <!-- tear_down -->
        <test-method is-config="true" signature="Setup_Test_Case_Contact(java.lang.String)[pri:0, instance:Test_case.Test_Case_Contact@5562c41e]" started-at="2022-08-12T16:30:01 IST" name="Setup_Test_Case_Contact" finished-at="2022-08-12T16:30:20 IST" duration-ms="18909" status="PASS">
          <params>
            <param index="0">
              <value>
                <![CDATA[Chrome]]>
              </value>
            </param>
          </params>
          <reporter-output>
          </reporter-output>
        </test-method> <!-- Setup_Test_Case_Contact -->
        <test-method signature="Contact_TC_4(java.lang.String,java.lang.String,java.lang.String,java.lang.String,java.lang.String,java.lang.String,java.lang.String,java.lang.String,java.lang.String,java.lang.String,java.lang.String,java.lang.String)[pri:4, instance:Test_case.Test_Case_Contact@5562c41e]" started-at="2022-08-12T16:30:20 IST" name="Contact_TC_4" data-provider="Contact_Data" finished-at="2022-08-12T16:30:33 IST" duration-ms="12442" status="PASS">
          <params>
            <param index="0">
              <value>
                <![CDATA[Akash]]>
              </value>
            </param>
            <param index="1">
              <value>
                <![CDATA[test]]>
              </value>
            </param>
            <param index="2">
              <value>
                <![CDATA[Saha]]>
              </value>
            </param>
            <param index="3">
              <value>
                <![CDATA[Akash@gmail.com]]>
              </value>
            </param>
            <param index="4">
              <value>
                <![CDATA[Just for test]]>
              </value>
            </param>
            <param index="5">
              <value>
                <![CDATA[Subhasgram]]>
              </value>
            </param>
            <param index="6">
              <value>
                <![CDATA[Kolkata]]>
              </value>
            </param>
            <param index="7">
              <value>
                <![CDATA[Westbengal]]>
              </value>
            </param>
            <param index="8">
              <value>
                <![CDATA[700147.0]]>
              </value>
            </param>
            <param index="9">
              <value>
                <![CDATA[9.988774455E9]]>
              </value>
            </param>
            <param index="10">
              <value>
                <![CDATA[Test team manual]]>
              </value>
            </param>
            <param index="11">
              <value>
                <![CDATA[Tester manual]]>
              </value>
            </param>
          </params>
          <reporter-output>
          </reporter-output>
        </test-method> <!-- Contact_TC_4 -->
        <test-method is-config="true" signature="tear_down()[pri:0, instance:Test_case.Test_Case_Contact@5562c41e]" started-at="2022-08-12T16:30:33 IST" name="tear_down" finished-at="2022-08-12T16:30:35 IST" duration-ms="2434" status="PASS">
          <reporter-output>
          </reporter-output>
        </test-method> <!-- tear_down -->
      </class> <!-- Test_case.Test_Case_Contact -->
    </test> <!-- Test -->
  </suite> <!-- Suite -->
</testng-results>
