<?xml version="1.0" encoding="UTF-8"?>
<testng-results ignored="1" total="2" passed="1" failed="0" skipped="0">
  <reporter-output>
  </reporter-output>
  <suite started-at="2022-10-11T13:06:53 IST" name="Suite" finished-at="2022-10-11T13:07:17 IST" duration-ms="24770">
    <groups>
    </groups>
    <test started-at="2022-10-11T13:06:53 IST" name="Test" finished-at="2022-10-11T13:07:17 IST" duration-ms="24770">
      <class name="Test_case.Test_case_Calender">
        <test-method is-config="true" signature="Intialization_Calender_page(java.lang.String)[pri:0, instance:Test_case.Test_case_Calender@6e6f2380]" started-at="2022-10-11T13:06:53 IST" name="Intialization_Calender_page" finished-at="2022-10-11T13:07:09 IST" duration-ms="16536" status="PASS">
          <params>
            <param index="0">
              <value>
                <![CDATA[Chrome]]>
              </value>
            </param>
          </params>
          <reporter-output>
          </reporter-output>
        </test-method> <!-- Intialization_Calender_page -->
        <test-method signature="Calender_TC_1(java.util.Map)[pri:1, instance:Test_case.Test_case_Calender@6e6f2380]" started-at="2022-10-11T13:07:09 IST" name="Calender_TC_1" data-provider="Calender_data" finished-at="2022-10-11T13:07:17 IST" duration-ms="7718" status="PASS">
          <params>
            <param index="0">
              <value>
                <![CDATA[{Alert_Before=test, Category=Opportunity, Description=Test_the version, Identifier=test, Title=Test_Event, Date=19.0, Month_Year=January 2023, Location=kolkata, 700147}]]>
              </value>
            </param>
          </params>
          <reporter-output>
          </reporter-output>
        </test-method> <!-- Calender_TC_1 -->
        <test-method is-config="true" signature="Tear_Down()[pri:0, instance:Test_case.Test_case_Calender@6e6f2380]" started-at="2022-10-11T13:07:17 IST" name="Tear_Down" finished-at="2022-10-11T13:07:17 IST" duration-ms="84" status="PASS">
          <reporter-output>
          </reporter-output>
        </test-method> <!-- Tear_Down -->
      </class> <!-- Test_case.Test_case_Calender -->
    </test> <!-- Test -->
  </suite> <!-- Suite -->
</testng-results>
