<?xml version="1.0" encoding="UTF-8"?>
<testng-results ignored="1" total="2" passed="1" failed="0" skipped="0">
  <reporter-output>
  </reporter-output>
  <suite started-at="2022-08-05T19:11:58 IST" name="Suite" finished-at="2022-08-05T19:12:25 IST" duration-ms="27057">
    <groups>
    </groups>
    <test started-at="2022-08-05T19:11:58 IST" name="Test" finished-at="2022-08-05T19:12:25 IST" duration-ms="27057">
      <class name="Test_case.Test_Case_Task">
        <test-method is-config="true" signature="Intialization_Task(java.lang.String)[pri:0, instance:Test_case.Test_Case_Task@3bf9ce3e]" started-at="2022-08-05T19:11:58 IST" name="Intialization_Task" finished-at="2022-08-05T19:12:17 IST" duration-ms="18681" status="PASS">
          <params>
            <param index="0">
              <value>
                <![CDATA[Chrome]]>
              </value>
            </param>
          </params>
          <reporter-output>
          </reporter-output>
        </test-method> <!-- Intialization_Task -->
        <test-method signature="Task_TC_2()[pri:2, instance:Test_case.Test_Case_Task@3bf9ce3e]" started-at="2022-08-05T19:12:17 IST" name="Task_TC_2" finished-at="2022-08-05T19:12:25 IST" duration-ms="8303" status="PASS">
          <reporter-output>
          </reporter-output>
        </test-method> <!-- Task_TC_2 -->
        <test-method is-config="true" signature="Tear_down()[pri:0, instance:Test_case.Test_Case_Task@3bf9ce3e]" started-at="2022-08-05T19:12:25 IST" name="Tear_down" finished-at="2022-08-05T19:12:25 IST" duration-ms="45" status="PASS">
          <reporter-output>
          </reporter-output>
        </test-method> <!-- Tear_down -->
      </class> <!-- Test_case.Test_Case_Task -->
    </test> <!-- Test -->
  </suite> <!-- Suite -->
</testng-results>
