<?xml version="1.0" encoding="UTF-8"?>
<testng-results ignored="0" total="26" passed="24" failed="2" skipped="0">
  <reporter-output>
  </reporter-output>
  <suite started-at="2022-07-26T19:13:02 IST" name="Suite" finished-at="2022-07-26T19:26:02 IST" duration-ms="780894">
    <groups>
    </groups>
    <test started-at="2022-07-26T19:13:02 IST" name="Test" finished-at="2022-07-26T19:26:02 IST" duration-ms="780894">
      <class name="Test_case.Test_Case_Deals">
        <test-method is-config="true" signature="Setup_Test_Case_Contact(java.lang.String)[pri:0, instance:Test_case.Test_Case_Deals@21282ed8]" started-at="2022-07-26T19:21:34 IST" name="Setup_Test_Case_Contact" finished-at="2022-07-26T19:21:56 IST" duration-ms="21572" status="PASS">
          <params>
            <param index="0">
              <value>
                <![CDATA[Chrome]]>
              </value>
            </param>
          </params>
          <reporter-output>
          </reporter-output>
        </test-method> <!-- Setup_Test_Case_Contact -->
        <test-method signature="Deals_page_TC_1()[pri:1, instance:Test_case.Test_Case_Deals@21282ed8]" started-at="2022-07-26T19:21:56 IST" name="Deals_page_TC_1" finished-at="2022-07-26T19:22:01 IST" duration-ms="4810" status="PASS">
          <reporter-output>
          </reporter-output>
        </test-method> <!-- Deals_page_TC_1 -->
        <test-method is-config="true" signature="Tear_Down()[pri:0, instance:Test_case.Test_Case_Deals@21282ed8]" started-at="2022-07-26T19:22:01 IST" name="Tear_Down" finished-at="2022-07-26T19:22:01 IST" duration-ms="151" status="PASS">
          <reporter-output>
          </reporter-output>
        </test-method> <!-- Tear_Down -->
        <test-method is-config="true" signature="Setup_Test_Case_Contact(java.lang.String)[pri:0, instance:Test_case.Test_Case_Deals@21282ed8]" started-at="2022-07-26T19:22:01 IST" name="Setup_Test_Case_Contact" finished-at="2022-07-26T19:22:21 IST" duration-ms="20403" status="PASS">
          <params>
            <param index="0">
              <value>
                <![CDATA[Chrome]]>
              </value>
            </param>
          </params>
          <reporter-output>
          </reporter-output>
        </test-method> <!-- Setup_Test_Case_Contact -->
        <test-method signature="Deals_page_TC_2(java.lang.String,java.lang.String,java.lang.String,java.lang.String,java.lang.String,java.lang.String)[pri:2, instance:Test_case.Test_Case_Deals@21282ed8]" started-at="2022-07-26T19:22:21 IST" name="Deals_page_TC_2" data-provider="Excel_Data_Deals" finished-at="2022-07-26T19:22:36 IST" duration-ms="14302" status="PASS">
          <params>
            <param index="0">
              <value>
                <![CDATA[Test_Deals]]>
              </value>
            </param>
            <param index="1">
              <value>
                <![CDATA[0.7]]>
              </value>
            </param>
            <param index="2">
              <value>
                <![CDATA[This is a test perpose Description]]>
              </value>
            </param>
            <param index="3">
              <value>
                <![CDATA[100.0]]>
              </value>
            </param>
            <param index="4">
              <value>
                <![CDATA[20.0]]>
              </value>
            </param>
            <param index="5">
              <value>
                <![CDATA[Description for test perpose]]>
              </value>
            </param>
          </params>
          <reporter-output>
          </reporter-output>
        </test-method> <!-- Deals_page_TC_2 -->
        <test-method is-config="true" signature="Tear_Down()[pri:0, instance:Test_case.Test_Case_Deals@21282ed8]" started-at="2022-07-26T19:22:36 IST" name="Tear_Down" finished-at="2022-07-26T19:22:36 IST" duration-ms="103" status="PASS">
          <reporter-output>
          </reporter-output>
        </test-method> <!-- Tear_Down -->
        <test-method is-config="true" signature="Setup_Test_Case_Contact(java.lang.String)[pri:0, instance:Test_case.Test_Case_Deals@21282ed8]" started-at="2022-07-26T19:22:36 IST" name="Setup_Test_Case_Contact" finished-at="2022-07-26T19:22:56 IST" duration-ms="20256" status="PASS">
          <params>
            <param index="0">
              <value>
                <![CDATA[Chrome]]>
              </value>
            </param>
          </params>
          <reporter-output>
          </reporter-output>
        </test-method> <!-- Setup_Test_Case_Contact -->
        <test-method signature="Deals_page_TC_3()[pri:3, instance:Test_case.Test_Case_Deals@21282ed8]" started-at="2022-07-26T19:22:56 IST" name="Deals_page_TC_3" finished-at="2022-07-26T19:23:02 IST" duration-ms="6329" status="PASS">
          <reporter-output>
          </reporter-output>
        </test-method> <!-- Deals_page_TC_3 -->
        <test-method is-config="true" signature="Tear_Down()[pri:0, instance:Test_case.Test_Case_Deals@21282ed8]" started-at="2022-07-26T19:23:02 IST" name="Tear_Down" finished-at="2022-07-26T19:23:02 IST" duration-ms="95" status="PASS">
          <reporter-output>
          </reporter-output>
        </test-method> <!-- Tear_Down -->
        <test-method is-config="true" signature="Setup_Test_Case_Contact(java.lang.String)[pri:0, instance:Test_case.Test_Case_Deals@21282ed8]" started-at="2022-07-26T19:23:02 IST" name="Setup_Test_Case_Contact" finished-at="2022-07-26T19:23:24 IST" duration-ms="21139" status="PASS">
          <params>
            <param index="0">
              <value>
                <![CDATA[Chrome]]>
              </value>
            </param>
          </params>
          <reporter-output>
          </reporter-output>
        </test-method> <!-- Setup_Test_Case_Contact -->
        <test-method signature="Deals_page_TC_4()[pri:4, instance:Test_case.Test_Case_Deals@21282ed8]" started-at="2022-07-26T19:23:24 IST" name="Deals_page_TC_4" finished-at="2022-07-26T19:23:54 IST" duration-ms="30048" status="FAIL">
          <exception class="org.openqa.selenium.NoSuchElementException">
            <message>
              <![CDATA[no such element: Unable to locate element: {"method":"xpath","selector":"//div[@class='ui fluid container no-margin'] /a[contains(text(),'Test_Deals')]"}
  (Session info: chrome=103.0.5060.134)
For documentation on this error, please visit: https://www.seleniumhq.org/exceptions/no_such_element.html
Build info: version: '3.141.59', revision: 'e82be7d358', time: '2018-11-14T08:17:03'
System info: host: 'DESKTOP-NQMJ256', ip: '192.168.86.70', os.name: 'Windows 10', os.arch: 'amd64', os.version: '10.0', java.version: '17.0.1'
Driver info: org.openqa.selenium.chrome.ChromeDriver
Capabilities {acceptInsecureCerts: false, browserName: chrome, browserVersion: 103.0.5060.134, chrome: {chromedriverVersion: 103.0.5060.134 (8ec6fce403b..., userDataDir: C:\Users\USER1~1\AppData\Lo...}, goog:chromeOptions: {debuggerAddress: localhost:52282}, javascriptEnabled: true, networkConnectionEnabled: false, pageLoadStrategy: normal, platform: WINDOWS, platformName: WINDOWS, proxy: Proxy(), setWindowRect: true, strictFileInteractability: false, timeouts: {implicit: 0, pageLoad: 300000, script: 30000}, unhandledPromptBehavior: dismiss and notify, webauthn:extension:credBlob: true, webauthn:extension:largeBlob: true, webauthn:virtualAuthenticators: true}
Session ID: b3d02090c384ab2e599fe4dcea3d56d7
*** Element info: {Using=xpath, value=//div[@class='ui fluid container no-margin'] /a[contains(text(),'Test_Deals')]}]]>
            </message>
            <full-stacktrace>
              <![CDATA[org.openqa.selenium.NoSuchElementException: no such element: Unable to locate element: {"method":"xpath","selector":"//div[@class='ui fluid container no-margin'] /a[contains(text(),'Test_Deals')]"}
  (Session info: chrome=103.0.5060.134)
For documentation on this error, please visit: https://www.seleniumhq.org/exceptions/no_such_element.html
Build info: version: '3.141.59', revision: 'e82be7d358', time: '2018-11-14T08:17:03'
System info: host: 'DESKTOP-NQMJ256', ip: '192.168.86.70', os.name: 'Windows 10', os.arch: 'amd64', os.version: '10.0', java.version: '17.0.1'
Driver info: org.openqa.selenium.chrome.ChromeDriver
Capabilities {acceptInsecureCerts: false, browserName: chrome, browserVersion: 103.0.5060.134, chrome: {chromedriverVersion: 103.0.5060.134 (8ec6fce403b..., userDataDir: C:\Users\USER1~1\AppData\Lo...}, goog:chromeOptions: {debuggerAddress: localhost:52282}, javascriptEnabled: true, networkConnectionEnabled: false, pageLoadStrategy: normal, platform: WINDOWS, platformName: WINDOWS, proxy: Proxy(), setWindowRect: true, strictFileInteractability: false, timeouts: {implicit: 0, pageLoad: 300000, script: 30000}, unhandledPromptBehavior: dismiss and notify, webauthn:extension:credBlob: true, webauthn:extension:largeBlob: true, webauthn:virtualAuthenticators: true}
Session ID: b3d02090c384ab2e599fe4dcea3d56d7
*** Element info: {Using=xpath, value=//div[@class='ui fluid container no-margin'] /a[contains(text(),'Test_Deals')]}
at java.base/jdk.internal.reflect.NativeConstructorAccessorImpl.newInstance0(Native Method)
at java.base/jdk.internal.reflect.NativeConstructorAccessorImpl.newInstance(NativeConstructorAccessorImpl.java:77)
at java.base/jdk.internal.reflect.DelegatingConstructorAccessorImpl.newInstance(DelegatingConstructorAccessorImpl.java:45)
at java.base/java.lang.reflect.Constructor.newInstanceWithCaller(Constructor.java:499)
at java.base/java.lang.reflect.Constructor.newInstance(Constructor.java:480)
at org.openqa.selenium.remote.http.W3CHttpResponseCodec.createException(W3CHttpResponseCodec.java:187)
at org.openqa.selenium.remote.http.W3CHttpResponseCodec.decode(W3CHttpResponseCodec.java:122)
at org.openqa.selenium.remote.http.W3CHttpResponseCodec.decode(W3CHttpResponseCodec.java:49)
at org.openqa.selenium.remote.HttpCommandExecutor.execute(HttpCommandExecutor.java:158)
at org.openqa.selenium.remote.service.DriverCommandExecutor.execute(DriverCommandExecutor.java:83)
at org.openqa.selenium.remote.RemoteWebDriver.execute(RemoteWebDriver.java:552)
at org.openqa.selenium.remote.RemoteWebDriver.findElement(RemoteWebDriver.java:323)
at org.openqa.selenium.remote.RemoteWebDriver.findElementByXPath(RemoteWebDriver.java:428)
at org.openqa.selenium.By$ByXPath.findElement(By.java:353)
at org.openqa.selenium.remote.RemoteWebDriver.findElement(RemoteWebDriver.java:315)
at jdk.internal.reflect.GeneratedMethodAccessor3.invoke(Unknown Source)
at java.base/jdk.internal.reflect.DelegatingMethodAccessorImpl.invoke(DelegatingMethodAccessorImpl.java:43)
at java.base/java.lang.reflect.Method.invoke(Method.java:568)
at org.openqa.selenium.support.events.EventFiringWebDriver.lambda$new$1(EventFiringWebDriver.java:105)
at jdk.proxy2/jdk.proxy2.$Proxy12.findElement(Unknown Source)
at org.openqa.selenium.support.events.EventFiringWebDriver.findElement(EventFiringWebDriver.java:194)
at org.openqa.selenium.support.pagefactory.DefaultElementLocator.findElement(DefaultElementLocator.java:69)
at org.openqa.selenium.support.pagefactory.internal.LocatingElementHandler.invoke(LocatingElementHandler.java:38)
at jdk.proxy2/jdk.proxy2.$Proxy16.isDisplayed(Unknown Source)
at Page_Objects.Deals_Page_Object.Verify_Deals_dealsFrame(Deals_Page_Object.java:234)
at Test_case.Test_Case_Deals.Deals_page_TC_4(Test_Case_Deals.java:82)
at java.base/jdk.internal.reflect.NativeMethodAccessorImpl.invoke0(Native Method)
at java.base/jdk.internal.reflect.NativeMethodAccessorImpl.invoke(NativeMethodAccessorImpl.java:77)
at java.base/jdk.internal.reflect.DelegatingMethodAccessorImpl.invoke(DelegatingMethodAccessorImpl.java:43)
at java.base/java.lang.reflect.Method.invoke(Method.java:568)
at org.testng.internal.MethodInvocationHelper.invokeMethod(MethodInvocationHelper.java:133)
at org.testng.internal.TestInvoker.invokeMethod(TestInvoker.java:598)
at org.testng.internal.TestInvoker.invokeTestMethod(TestInvoker.java:173)
at org.testng.internal.MethodRunner.runInSequence(MethodRunner.java:46)
at org.testng.internal.TestInvoker$MethodInvocationAgent.invoke(TestInvoker.java:824)
at org.testng.internal.TestInvoker.invokeTestMethods(TestInvoker.java:146)
at org.testng.internal.TestMethodWorker.invokeTestMethods(TestMethodWorker.java:146)
at org.testng.internal.TestMethodWorker.run(TestMethodWorker.java:128)
at java.base/java.util.ArrayList.forEach(ArrayList.java:1511)
at org.testng.TestRunner.privateRun(TestRunner.java:794)
at org.testng.TestRunner.run(TestRunner.java:596)
at org.testng.SuiteRunner.runTest(SuiteRunner.java:377)
at org.testng.SuiteRunner.runSequentially(SuiteRunner.java:371)
at org.testng.SuiteRunner.privateRun(SuiteRunner.java:332)
at org.testng.SuiteRunner.run(SuiteRunner.java:276)
at org.testng.SuiteRunnerWorker.runSuite(SuiteRunnerWorker.java:53)
at org.testng.SuiteRunnerWorker.run(SuiteRunnerWorker.java:96)
at org.testng.TestNG.runSuitesSequentially(TestNG.java:1212)
at org.testng.TestNG.runSuitesLocally(TestNG.java:1134)
at org.testng.TestNG.runSuites(TestNG.java:1063)
at org.testng.TestNG.run(TestNG.java:1031)
at org.testng.remote.AbstractRemoteTestNG.run(AbstractRemoteTestNG.java:115)
at org.testng.remote.RemoteTestNG.initAndRun(RemoteTestNG.java:251)
at org.testng.remote.RemoteTestNG.main(RemoteTestNG.java:77)
]]>
            </full-stacktrace>
          </exception> <!-- org.openqa.selenium.NoSuchElementException -->
          <reporter-output>
          </reporter-output>
        </test-method> <!-- Deals_page_TC_4 -->
        <test-method is-config="true" signature="Tear_Down()[pri:0, instance:Test_case.Test_Case_Deals@21282ed8]" started-at="2022-07-26T19:23:54 IST" name="Tear_Down" finished-at="2022-07-26T19:23:54 IST" duration-ms="138" status="PASS">
          <reporter-output>
          </reporter-output>
        </test-method> <!-- Tear_Down -->
        <test-method is-config="true" signature="Setup_Test_Case_Contact(java.lang.String)[pri:0, instance:Test_case.Test_Case_Deals@21282ed8]" started-at="2022-07-26T19:23:54 IST" name="Setup_Test_Case_Contact" finished-at="2022-07-26T19:24:16 IST" duration-ms="22011" status="PASS">
          <params>
            <param index="0">
              <value>
                <![CDATA[Chrome]]>
              </value>
            </param>
          </params>
          <reporter-output>
          </reporter-output>
        </test-method> <!-- Setup_Test_Case_Contact -->
        <test-method signature="Deals_page_TC_5()[pri:5, instance:Test_case.Test_Case_Deals@21282ed8]" started-at="2022-07-26T19:24:16 IST" name="Deals_page_TC_5" finished-at="2022-07-26T19:24:20 IST" duration-ms="4356" status="PASS">
          <reporter-output>
          </reporter-output>
        </test-method> <!-- Deals_page_TC_5 -->
        <test-method is-config="true" signature="Tear_Down()[pri:0, instance:Test_case.Test_Case_Deals@21282ed8]" started-at="2022-07-26T19:24:20 IST" name="Tear_Down" finished-at="2022-07-26T19:24:20 IST" duration-ms="147" status="PASS">
          <reporter-output>
          </reporter-output>
        </test-method> <!-- Tear_Down -->
        <test-method is-config="true" signature="Setup_Test_Case_Contact(java.lang.String)[pri:0, instance:Test_case.Test_Case_Deals@21282ed8]" started-at="2022-07-26T19:24:20 IST" name="Setup_Test_Case_Contact" finished-at="2022-07-26T19:24:43 IST" duration-ms="22873" status="PASS">
          <params>
            <param index="0">
              <value>
                <![CDATA[Chrome]]>
              </value>
            </param>
          </params>
          <reporter-output>
          </reporter-output>
        </test-method> <!-- Setup_Test_Case_Contact -->
        <test-method signature="Deals_page_TC_6()[pri:6, instance:Test_case.Test_Case_Deals@21282ed8]" started-at="2022-07-26T19:24:43 IST" name="Deals_page_TC_6" finished-at="2022-07-26T19:24:47 IST" duration-ms="4096" status="PASS">
          <reporter-output>
          </reporter-output>
        </test-method> <!-- Deals_page_TC_6 -->
        <test-method is-config="true" signature="Tear_Down()[pri:0, instance:Test_case.Test_Case_Deals@21282ed8]" started-at="2022-07-26T19:24:47 IST" name="Tear_Down" finished-at="2022-07-26T19:24:47 IST" duration-ms="166" status="PASS">
          <reporter-output>
          </reporter-output>
        </test-method> <!-- Tear_Down -->
        <test-method is-config="true" signature="Setup_Test_Case_Contact(java.lang.String)[pri:0, instance:Test_case.Test_Case_Deals@21282ed8]" started-at="2022-07-26T19:24:47 IST" name="Setup_Test_Case_Contact" finished-at="2022-07-26T19:25:08 IST" duration-ms="20378" status="PASS">
          <params>
            <param index="0">
              <value>
                <![CDATA[Chrome]]>
              </value>
            </param>
          </params>
          <reporter-output>
          </reporter-output>
        </test-method> <!-- Setup_Test_Case_Contact -->
        <test-method signature="Deals_page_TC_7()[pri:7, instance:Test_case.Test_Case_Deals@21282ed8]" started-at="2022-07-26T19:25:08 IST" name="Deals_page_TC_7" finished-at="2022-07-26T19:25:12 IST" duration-ms="3872" status="PASS">
          <reporter-output>
          </reporter-output>
        </test-method> <!-- Deals_page_TC_7 -->
        <test-method is-config="true" signature="Tear_Down()[pri:0, instance:Test_case.Test_Case_Deals@21282ed8]" started-at="2022-07-26T19:25:12 IST" name="Tear_Down" finished-at="2022-07-26T19:25:12 IST" duration-ms="264" status="PASS">
          <reporter-output>
          </reporter-output>
        </test-method> <!-- Tear_Down -->
      </class> <!-- Test_case.Test_Case_Deals -->
      <class name="Test_case.Test_Case_Task">
        <test-method is-config="true" signature="Intialization_Task(java.lang.String)[pri:0, instance:Test_case.Test_Case_Task@36916eb0]" started-at="2022-07-26T19:25:12 IST" name="Intialization_Task" finished-at="2022-07-26T19:25:31 IST" duration-ms="19111" status="PASS">
          <params>
            <param index="0">
              <value>
                <![CDATA[Chrome]]>
              </value>
            </param>
          </params>
          <reporter-output>
          </reporter-output>
        </test-method> <!-- Intialization_Task -->
        <test-method signature="Task_TC_2(java.lang.String,java.lang.String,java.lang.String,java.lang.String,java.lang.String,java.lang.String,java.lang.String,java.lang.String,java.lang.String)[pri:1, instance:Test_case.Test_Case_Task@36916eb0]" started-at="2022-07-26T19:25:31 IST" name="Task_TC_2" data-provider="Task_excel_data" finished-at="2022-07-26T19:25:58 IST" duration-ms="27212" status="PASS">
          <params>
            <param index="0">
              <value>
                <![CDATA[Test_Task]]>
              </value>
            </param>
            <param index="1">
              <value>
                <![CDATA[November]]>
              </value>
            </param>
            <param index="2">
              <value>
                <![CDATA[December]]>
              </value>
            </param>
            <param index="3">
              <value>
                <![CDATA[5.0]]>
              </value>
            </param>
            <param index="4">
              <value>
                <![CDATA[Akash@gmail.com]]>
              </value>
            </param>
            <param index="5">
              <value>
                <![CDATA[15.0]]>
              </value>
            </param>
            <param index="6">
              <value>
                <![CDATA[30.0]]>
              </value>
            </param>
            <param index="7">
              <value>
                <![CDATA[Technical Support]]>
              </value>
            </param>
            <param index="8">
              <value>
                <![CDATA[To test the Software ]]>
              </value>
            </param>
          </params>
          <reporter-output>
          </reporter-output>
        </test-method> <!-- Task_TC_2 -->
        <test-method is-config="true" signature="Tear_down()[pri:0, instance:Test_case.Test_Case_Task@36916eb0]" started-at="2022-07-26T19:25:58 IST" name="Tear_down" finished-at="2022-07-26T19:26:02 IST" duration-ms="4130" status="PASS">
          <reporter-output>
          </reporter-output>
        </test-method> <!-- Tear_down -->
      </class> <!-- Test_case.Test_Case_Task -->
      <class name="Test_case.Test_Case_Login">
        <test-method is-config="true" signature="Setup_Test_Case_Login(java.lang.String)[pri:0, instance:Test_case.Test_Case_Login@7205765b]" started-at="2022-07-26T19:13:02 IST" name="Setup_Test_Case_Login" finished-at="2022-07-26T19:13:14 IST" duration-ms="12344" status="PASS">
          <params>
            <param index="0">
              <value>
                <![CDATA[Chrome]]>
              </value>
            </param>
          </params>
          <reporter-output>
          </reporter-output>
        </test-method> <!-- Setup_Test_Case_Login -->
        <test-method signature="Login_TC_1()[pri:1, instance:Test_case.Test_Case_Login@7205765b]" started-at="2022-07-26T19:13:14 IST" name="Login_TC_1" finished-at="2022-07-26T19:13:18 IST" duration-ms="3577" status="PASS">
          <reporter-output>
          </reporter-output>
        </test-method> <!-- Login_TC_1 -->
        <test-method is-config="true" signature="teardown()[pri:0, instance:Test_case.Test_Case_Login@7205765b]" started-at="2022-07-26T19:13:18 IST" name="teardown" finished-at="2022-07-26T19:13:22 IST" duration-ms="4161" status="PASS">
          <reporter-output>
          </reporter-output>
        </test-method> <!-- teardown -->
        <test-method is-config="true" signature="Setup_Test_Case_Login(java.lang.String)[pri:0, instance:Test_case.Test_Case_Login@7205765b]" started-at="2022-07-26T19:13:22 IST" name="Setup_Test_Case_Login" finished-at="2022-07-26T19:13:30 IST" duration-ms="8253" status="PASS">
          <params>
            <param index="0">
              <value>
                <![CDATA[Chrome]]>
              </value>
            </param>
          </params>
          <reporter-output>
          </reporter-output>
        </test-method> <!-- Setup_Test_Case_Login -->
        <test-method signature="Login_TC_2()[pri:2, instance:Test_case.Test_Case_Login@7205765b]" started-at="2022-07-26T19:13:30 IST" name="Login_TC_2" finished-at="2022-07-26T19:13:33 IST" duration-ms="3149" status="PASS">
          <reporter-output>
          </reporter-output>
        </test-method> <!-- Login_TC_2 -->
        <test-method is-config="true" signature="teardown()[pri:0, instance:Test_case.Test_Case_Login@7205765b]" started-at="2022-07-26T19:13:33 IST" name="teardown" finished-at="2022-07-26T19:13:37 IST" duration-ms="4126" status="PASS">
          <reporter-output>
          </reporter-output>
        </test-method> <!-- teardown -->
        <test-method is-config="true" signature="Setup_Test_Case_Login(java.lang.String)[pri:0, instance:Test_case.Test_Case_Login@7205765b]" started-at="2022-07-26T19:13:37 IST" name="Setup_Test_Case_Login" finished-at="2022-07-26T19:13:46 IST" duration-ms="8900" status="PASS">
          <params>
            <param index="0">
              <value>
                <![CDATA[Chrome]]>
              </value>
            </param>
          </params>
          <reporter-output>
          </reporter-output>
        </test-method> <!-- Setup_Test_Case_Login -->
        <test-method signature="Login_TC_3()[pri:3, instance:Test_case.Test_Case_Login@7205765b]" started-at="2022-07-26T19:13:46 IST" name="Login_TC_3" finished-at="2022-07-26T19:13:46 IST" duration-ms="108" status="PASS">
          <reporter-output>
          </reporter-output>
        </test-method> <!-- Login_TC_3 -->
        <test-method is-config="true" signature="teardown()[pri:0, instance:Test_case.Test_Case_Login@7205765b]" started-at="2022-07-26T19:13:46 IST" name="teardown" finished-at="2022-07-26T19:13:50 IST" duration-ms="4160" status="PASS">
          <reporter-output>
          </reporter-output>
        </test-method> <!-- teardown -->
        <test-method is-config="true" signature="Setup_Test_Case_Login(java.lang.String)[pri:0, instance:Test_case.Test_Case_Login@7205765b]" started-at="2022-07-26T19:13:50 IST" name="Setup_Test_Case_Login" finished-at="2022-07-26T19:13:59 IST" duration-ms="8993" status="PASS">
          <params>
            <param index="0">
              <value>
                <![CDATA[Chrome]]>
              </value>
            </param>
          </params>
          <reporter-output>
          </reporter-output>
        </test-method> <!-- Setup_Test_Case_Login -->
        <test-method signature="Login_TC_4()[pri:4, instance:Test_case.Test_Case_Login@7205765b]" started-at="2022-07-26T19:13:59 IST" name="Login_TC_4" finished-at="2022-07-26T19:14:14 IST" duration-ms="14299" status="PASS">
          <reporter-output>
          </reporter-output>
        </test-method> <!-- Login_TC_4 -->
        <test-method is-config="true" signature="teardown()[pri:0, instance:Test_case.Test_Case_Login@7205765b]" started-at="2022-07-26T19:14:14 IST" name="teardown" finished-at="2022-07-26T19:14:18 IST" duration-ms="4163" status="PASS">
          <reporter-output>
          </reporter-output>
        </test-method> <!-- teardown -->
        <test-method is-config="true" signature="Setup_Test_Case_Login(java.lang.String)[pri:0, instance:Test_case.Test_Case_Login@7205765b]" started-at="2022-07-26T19:14:18 IST" name="Setup_Test_Case_Login" finished-at="2022-07-26T19:14:26 IST" duration-ms="8320" status="PASS">
          <params>
            <param index="0">
              <value>
                <![CDATA[Chrome]]>
              </value>
            </param>
          </params>
          <reporter-output>
          </reporter-output>
        </test-method> <!-- Setup_Test_Case_Login -->
        <test-method signature="Login_TC_5()[pri:5, instance:Test_case.Test_Case_Login@7205765b]" started-at="2022-07-26T19:14:26 IST" name="Login_TC_5" finished-at="2022-07-26T19:14:54 IST" duration-ms="27371" status="PASS">
          <reporter-output>
          </reporter-output>
        </test-method> <!-- Login_TC_5 -->
        <test-method is-config="true" signature="teardown()[pri:0, instance:Test_case.Test_Case_Login@7205765b]" started-at="2022-07-26T19:14:54 IST" name="teardown" finished-at="2022-07-26T19:14:54 IST" duration-ms="91" status="PASS">
          <reporter-output>
          </reporter-output>
        </test-method> <!-- teardown -->
      </class> <!-- Test_case.Test_Case_Login -->
      <class name="Test_case.Test_Case_Company">
        <test-method is-config="true" signature="Setup_Test_Case_Company(java.lang.String)[pri:0, instance:Test_case.Test_Case_Company@550dbc7a]" started-at="2022-07-26T19:19:23 IST" name="Setup_Test_Case_Company" finished-at="2022-07-26T19:19:41 IST" duration-ms="18074" status="PASS">
          <params>
            <param index="0">
              <value>
                <![CDATA[Chrome]]>
              </value>
            </param>
          </params>
          <reporter-output>
          </reporter-output>
        </test-method> <!-- Setup_Test_Case_Company -->
        <test-method signature="Comapny_TC_1()[pri:1, instance:Test_case.Test_Case_Company@550dbc7a]" started-at="2022-07-26T19:19:41 IST" name="Comapny_TC_1" finished-at="2022-07-26T19:19:55 IST" duration-ms="13977" status="PASS">
          <reporter-output>
          </reporter-output>
        </test-method> <!-- Comapny_TC_1 -->
        <test-method is-config="true" signature="Tear_Down()[pri:0, instance:Test_case.Test_Case_Company@550dbc7a]" started-at="2022-07-26T19:19:55 IST" name="Tear_Down" finished-at="2022-07-26T19:19:55 IST" duration-ms="74" status="PASS">
          <reporter-output>
          </reporter-output>
        </test-method> <!-- Tear_Down -->
        <test-method is-config="true" signature="Setup_Test_Case_Company(java.lang.String)[pri:0, instance:Test_case.Test_Case_Company@550dbc7a]" started-at="2022-07-26T19:19:55 IST" name="Setup_Test_Case_Company" finished-at="2022-07-26T19:20:13 IST" duration-ms="17699" status="PASS">
          <params>
            <param index="0">
              <value>
                <![CDATA[Chrome]]>
              </value>
            </param>
          </params>
          <reporter-output>
          </reporter-output>
        </test-method> <!-- Setup_Test_Case_Company -->
        <test-method signature="Comapny_TC_2(java.lang.String,java.lang.String,java.lang.String,java.lang.String,java.lang.String,java.lang.String,java.lang.String,java.lang.String,java.lang.String,java.lang.String,java.lang.String,java.lang.String,java.lang.String,java.lang.String)[pri:2, instance:Test_case.Test_Case_Company@550dbc7a]" started-at="2022-07-26T19:20:13 IST" name="Comapny_TC_2" data-provider="Excel_data_Company" finished-at="2022-07-26T19:20:34 IST" duration-ms="20710" status="PASS">
          <params>
            <param index="0">
              <value>
                <![CDATA[Test_Company]]>
              </value>
            </param>
            <param index="1">
              <value>
                <![CDATA[Sector 5]]>
              </value>
            </param>
            <param index="2">
              <value>
                <![CDATA[Kolkata]]>
              </value>
            </param>
            <param index="3">
              <value>
                <![CDATA[West Bengal]]>
              </value>
            </param>
            <param index="4">
              <value>
                <![CDATA[700147.0]]>
              </value>
            </param>
            <param index="5">
              <value>
                <![CDATA[7.003785365E9]]>
              </value>
            </param>
            <param index="6">
              <value>
                <![CDATA[Office]]>
              </value>
            </param>
            <param index="7">
              <value>
                <![CDATA[Testing perpose ]]>
              </value>
            </param>
            <param index="8">
              <value>
                <![CDATA[AS@gmail.com]]>
              </value>
            </param>
            <param index="9">
              <value>
                <![CDATA[IT industry]]>
              </value>
            </param>
            <param index="10">
              <value>
                <![CDATA[100.0]]>
              </value>
            </param>
            <param index="11">
              <value>
                <![CDATA[â‚¹]]>
              </value>
            </param>
            <param index="12">
              <value>
                <![CDATA[10 million]]>
              </value>
            </param>
            <param index="13">
              <value>
                <![CDATA[03370037865989631245OI@]]>
              </value>
            </param>
          </params>
          <reporter-output>
          </reporter-output>
        </test-method> <!-- Comapny_TC_2 -->
        <test-method is-config="true" signature="Tear_Down()[pri:0, instance:Test_case.Test_Case_Company@550dbc7a]" started-at="2022-07-26T19:20:34 IST" name="Tear_Down" finished-at="2022-07-26T19:20:34 IST" duration-ms="76" status="PASS">
          <reporter-output>
          </reporter-output>
        </test-method> <!-- Tear_Down -->
        <test-method is-config="true" signature="Setup_Test_Case_Company(java.lang.String)[pri:0, instance:Test_case.Test_Case_Company@550dbc7a]" started-at="2022-07-26T19:20:34 IST" name="Setup_Test_Case_Company" finished-at="2022-07-26T19:20:52 IST" duration-ms="17958" status="PASS">
          <params>
            <param index="0">
              <value>
                <![CDATA[Chrome]]>
              </value>
            </param>
          </params>
          <reporter-output>
          </reporter-output>
        </test-method> <!-- Setup_Test_Case_Company -->
        <test-method signature="Comapny_TC_3()[pri:3, instance:Test_case.Test_Case_Company@550dbc7a]" started-at="2022-07-26T19:20:52 IST" name="Comapny_TC_3" finished-at="2022-07-26T19:20:56 IST" duration-ms="3799" status="PASS">
          <reporter-output>
          </reporter-output>
        </test-method> <!-- Comapny_TC_3 -->
        <test-method is-config="true" signature="Tear_Down()[pri:0, instance:Test_case.Test_Case_Company@550dbc7a]" started-at="2022-07-26T19:20:56 IST" name="Tear_Down" finished-at="2022-07-26T19:20:56 IST" duration-ms="67" status="PASS">
          <reporter-output>
          </reporter-output>
        </test-method> <!-- Tear_Down -->
        <test-method is-config="true" signature="Setup_Test_Case_Company(java.lang.String)[pri:0, instance:Test_case.Test_Case_Company@550dbc7a]" started-at="2022-07-26T19:20:56 IST" name="Setup_Test_Case_Company" finished-at="2022-07-26T19:21:21 IST" duration-ms="25652" status="PASS">
          <params>
            <param index="0">
              <value>
                <![CDATA[Chrome]]>
              </value>
            </param>
          </params>
          <reporter-output>
          </reporter-output>
        </test-method> <!-- Setup_Test_Case_Company -->
        <test-method signature="Comapny_TC_4()[pri:4, instance:Test_case.Test_Case_Company@550dbc7a]" started-at="2022-07-26T19:21:21 IST" name="Comapny_TC_4" finished-at="2022-07-26T19:21:34 IST" duration-ms="12841" status="PASS">
          <reporter-output>
          </reporter-output>
        </test-method> <!-- Comapny_TC_4 -->
        <test-method is-config="true" signature="Tear_Down()[pri:0, instance:Test_case.Test_Case_Company@550dbc7a]" started-at="2022-07-26T19:21:34 IST" name="Tear_Down" finished-at="2022-07-26T19:21:34 IST" duration-ms="139" status="PASS">
          <reporter-output>
          </reporter-output>
        </test-method> <!-- Tear_Down -->
      </class> <!-- Test_case.Test_Case_Company -->
      <class name="Test_case.Test_Case_Contact">
        <test-method is-config="true" signature="Setup_Test_Case_Contact(java.lang.String)[pri:0, instance:Test_case.Test_Case_Contact@66f57048]" started-at="2022-07-26T19:16:54 IST" name="Setup_Test_Case_Contact" finished-at="2022-07-26T19:17:12 IST" duration-ms="18525" status="PASS">
          <params>
            <param index="0">
              <value>
                <![CDATA[Chrome]]>
              </value>
            </param>
          </params>
          <reporter-output>
          </reporter-output>
        </test-method> <!-- Setup_Test_Case_Contact -->
        <test-method signature="Contact_TC_1()[pri:1, instance:Test_case.Test_Case_Contact@66f57048]" started-at="2022-07-26T19:17:12 IST" name="Contact_TC_1" finished-at="2022-07-26T19:17:25 IST" duration-ms="12444" status="PASS">
          <reporter-output>
          </reporter-output>
        </test-method> <!-- Contact_TC_1 -->
        <test-method is-config="true" signature="tear_down()[pri:0, instance:Test_case.Test_Case_Contact@66f57048]" started-at="2022-07-26T19:17:25 IST" name="tear_down" finished-at="2022-07-26T19:17:29 IST" duration-ms="4170" status="PASS">
          <reporter-output>
          </reporter-output>
        </test-method> <!-- tear_down -->
        <test-method is-config="true" signature="Setup_Test_Case_Contact(java.lang.String)[pri:0, instance:Test_case.Test_Case_Contact@66f57048]" started-at="2022-07-26T19:17:29 IST" name="Setup_Test_Case_Contact" finished-at="2022-07-26T19:17:52 IST" duration-ms="23578" status="PASS">
          <params>
            <param index="0">
              <value>
                <![CDATA[Chrome]]>
              </value>
            </param>
          </params>
          <reporter-output>
          </reporter-output>
        </test-method> <!-- Setup_Test_Case_Contact -->
        <test-method signature="Contact_TC_2()[pri:2, instance:Test_case.Test_Case_Contact@66f57048]" started-at="2022-07-26T19:17:52 IST" name="Contact_TC_2" finished-at="2022-07-26T19:18:14 IST" duration-ms="21980" status="PASS">
          <reporter-output>
          </reporter-output>
        </test-method> <!-- Contact_TC_2 -->
        <test-method is-config="true" signature="tear_down()[pri:0, instance:Test_case.Test_Case_Contact@66f57048]" started-at="2022-07-26T19:18:14 IST" name="tear_down" finished-at="2022-07-26T19:18:14 IST" duration-ms="72" status="PASS">
          <reporter-output>
          </reporter-output>
        </test-method> <!-- tear_down -->
        <test-method is-config="true" signature="Setup_Test_Case_Contact(java.lang.String)[pri:0, instance:Test_case.Test_Case_Contact@66f57048]" started-at="2022-07-26T19:18:14 IST" name="Setup_Test_Case_Contact" finished-at="2022-07-26T19:18:38 IST" duration-ms="23206" status="PASS">
          <params>
            <param index="0">
              <value>
                <![CDATA[Chrome]]>
              </value>
            </param>
          </params>
          <reporter-output>
          </reporter-output>
        </test-method> <!-- Setup_Test_Case_Contact -->
        <test-method signature="Contact_TC_3()[pri:3, instance:Test_case.Test_Case_Contact@66f57048]" started-at="2022-07-26T19:18:38 IST" name="Contact_TC_3" finished-at="2022-07-26T19:18:48 IST" duration-ms="10640" status="FAIL">
          <exception class="org.openqa.selenium.InvalidSelectorException">
            <message>
              <![CDATA[invalid selector: The result of the xpath expression "//*[@id="main-content"]/div/div[2]/form/div[7]/div[2]/div/div/div/div[1]/div/div[1]/text()" is: [object Text]. It should be an element.
  (Session info: chrome=103.0.5060.134)
For documentation on this error, please visit: https://www.seleniumhq.org/exceptions/invalid_selector_exception.html
Build info: version: '3.141.59', revision: 'e82be7d358', time: '2018-11-14T08:17:03'
System info: host: 'DESKTOP-NQMJ256', ip: '192.168.86.70', os.name: 'Windows 10', os.arch: 'amd64', os.version: '10.0', java.version: '17.0.1'
Driver info: org.openqa.selenium.chrome.ChromeDriver
Capabilities {acceptInsecureCerts: false, browserName: chrome, browserVersion: 103.0.5060.134, chrome: {chromedriverVersion: 103.0.5060.134 (8ec6fce403b..., userDataDir: C:\Users\USER1~1\AppData\Lo...}, goog:chromeOptions: {debuggerAddress: localhost:51693}, javascriptEnabled: true, networkConnectionEnabled: false, pageLoadStrategy: normal, platform: WINDOWS, platformName: WINDOWS, proxy: Proxy(), setWindowRect: true, strictFileInteractability: false, timeouts: {implicit: 0, pageLoad: 300000, script: 30000}, unhandledPromptBehavior: dismiss and notify, webauthn:extension:credBlob: true, webauthn:extension:largeBlob: true, webauthn:virtualAuthenticators: true}
Session ID: 19846a4149faaa133328dd2bbc95a9e9
*** Element info: {Using=xpath, value=//*[@id="main-content"]/div/div[2]/form/div[7]/div[2]/div/div/div/div[1]/div/div[1]/text()}]]>
            </message>
            <full-stacktrace>
              <![CDATA[org.openqa.selenium.InvalidSelectorException: invalid selector: The result of the xpath expression "//*[@id="main-content"]/div/div[2]/form/div[7]/div[2]/div/div/div/div[1]/div/div[1]/text()" is: [object Text]. It should be an element.
  (Session info: chrome=103.0.5060.134)
For documentation on this error, please visit: https://www.seleniumhq.org/exceptions/invalid_selector_exception.html
Build info: version: '3.141.59', revision: 'e82be7d358', time: '2018-11-14T08:17:03'
System info: host: 'DESKTOP-NQMJ256', ip: '192.168.86.70', os.name: 'Windows 10', os.arch: 'amd64', os.version: '10.0', java.version: '17.0.1'
Driver info: org.openqa.selenium.chrome.ChromeDriver
Capabilities {acceptInsecureCerts: false, browserName: chrome, browserVersion: 103.0.5060.134, chrome: {chromedriverVersion: 103.0.5060.134 (8ec6fce403b..., userDataDir: C:\Users\USER1~1\AppData\Lo...}, goog:chromeOptions: {debuggerAddress: localhost:51693}, javascriptEnabled: true, networkConnectionEnabled: false, pageLoadStrategy: normal, platform: WINDOWS, platformName: WINDOWS, proxy: Proxy(), setWindowRect: true, strictFileInteractability: false, timeouts: {implicit: 0, pageLoad: 300000, script: 30000}, unhandledPromptBehavior: dismiss and notify, webauthn:extension:credBlob: true, webauthn:extension:largeBlob: true, webauthn:virtualAuthenticators: true}
Session ID: 19846a4149faaa133328dd2bbc95a9e9
*** Element info: {Using=xpath, value=//*[@id="main-content"]/div/div[2]/form/div[7]/div[2]/div/div/div/div[1]/div/div[1]/text()}
at java.base/jdk.internal.reflect.NativeConstructorAccessorImpl.newInstance0(Native Method)
at java.base/jdk.internal.reflect.NativeConstructorAccessorImpl.newInstance(NativeConstructorAccessorImpl.java:77)
at java.base/jdk.internal.reflect.DelegatingConstructorAccessorImpl.newInstance(DelegatingConstructorAccessorImpl.java:45)
at java.base/java.lang.reflect.Constructor.newInstanceWithCaller(Constructor.java:499)
at java.base/java.lang.reflect.Constructor.newInstance(Constructor.java:480)
at org.openqa.selenium.remote.http.W3CHttpResponseCodec.createException(W3CHttpResponseCodec.java:187)
at org.openqa.selenium.remote.http.W3CHttpResponseCodec.decode(W3CHttpResponseCodec.java:122)
at org.openqa.selenium.remote.http.W3CHttpResponseCodec.decode(W3CHttpResponseCodec.java:49)
at org.openqa.selenium.remote.HttpCommandExecutor.execute(HttpCommandExecutor.java:158)
at org.openqa.selenium.remote.service.DriverCommandExecutor.execute(DriverCommandExecutor.java:83)
at org.openqa.selenium.remote.RemoteWebDriver.execute(RemoteWebDriver.java:552)
at org.openqa.selenium.remote.RemoteWebDriver.findElement(RemoteWebDriver.java:323)
at org.openqa.selenium.remote.RemoteWebDriver.findElementByXPath(RemoteWebDriver.java:428)
at org.openqa.selenium.By$ByXPath.findElement(By.java:353)
at org.openqa.selenium.remote.RemoteWebDriver.findElement(RemoteWebDriver.java:315)
at jdk.internal.reflect.GeneratedMethodAccessor3.invoke(Unknown Source)
at java.base/jdk.internal.reflect.DelegatingMethodAccessorImpl.invoke(DelegatingMethodAccessorImpl.java:43)
at java.base/java.lang.reflect.Method.invoke(Method.java:568)
at org.openqa.selenium.support.events.EventFiringWebDriver.lambda$new$1(EventFiringWebDriver.java:105)
at jdk.proxy2/jdk.proxy2.$Proxy12.findElement(Unknown Source)
at org.openqa.selenium.support.events.EventFiringWebDriver.findElement(EventFiringWebDriver.java:194)
at org.openqa.selenium.support.pagefactory.DefaultElementLocator.findElement(DefaultElementLocator.java:69)
at org.openqa.selenium.support.pagefactory.internal.LocatingElementHandler.invoke(LocatingElementHandler.java:38)
at jdk.proxy2/jdk.proxy2.$Proxy16.click(Unknown Source)
at Page_Objects.Contact_Page_Object.Verify_Contact(Contact_Page_Object.java:236)
at Test_case.Test_Case_Contact.Contact_TC_3(Test_Case_Contact.java:73)
at java.base/jdk.internal.reflect.NativeMethodAccessorImpl.invoke0(Native Method)
at java.base/jdk.internal.reflect.NativeMethodAccessorImpl.invoke(NativeMethodAccessorImpl.java:77)
at java.base/jdk.internal.reflect.DelegatingMethodAccessorImpl.invoke(DelegatingMethodAccessorImpl.java:43)
at java.base/java.lang.reflect.Method.invoke(Method.java:568)
at org.testng.internal.MethodInvocationHelper.invokeMethod(MethodInvocationHelper.java:133)
at org.testng.internal.TestInvoker.invokeMethod(TestInvoker.java:598)
at org.testng.internal.TestInvoker.invokeTestMethod(TestInvoker.java:173)
at org.testng.internal.MethodRunner.runInSequence(MethodRunner.java:46)
at org.testng.internal.TestInvoker$MethodInvocationAgent.invoke(TestInvoker.java:824)
at org.testng.internal.TestInvoker.invokeTestMethods(TestInvoker.java:146)
at org.testng.internal.TestMethodWorker.invokeTestMethods(TestMethodWorker.java:146)
at org.testng.internal.TestMethodWorker.run(TestMethodWorker.java:128)
at java.base/java.util.ArrayList.forEach(ArrayList.java:1511)
at org.testng.TestRunner.privateRun(TestRunner.java:794)
at org.testng.TestRunner.run(TestRunner.java:596)
at org.testng.SuiteRunner.runTest(SuiteRunner.java:377)
at org.testng.SuiteRunner.runSequentially(SuiteRunner.java:371)
at org.testng.SuiteRunner.privateRun(SuiteRunner.java:332)
at org.testng.SuiteRunner.run(SuiteRunner.java:276)
at org.testng.SuiteRunnerWorker.runSuite(SuiteRunnerWorker.java:53)
at org.testng.SuiteRunnerWorker.run(SuiteRunnerWorker.java:96)
at org.testng.TestNG.runSuitesSequentially(TestNG.java:1212)
at org.testng.TestNG.runSuitesLocally(TestNG.java:1134)
at org.testng.TestNG.runSuites(TestNG.java:1063)
at org.testng.TestNG.run(TestNG.java:1031)
at org.testng.remote.AbstractRemoteTestNG.run(AbstractRemoteTestNG.java:115)
at org.testng.remote.RemoteTestNG.initAndRun(RemoteTestNG.java:251)
at org.testng.remote.RemoteTestNG.main(RemoteTestNG.java:77)
]]>
            </full-stacktrace>
          </exception> <!-- org.openqa.selenium.InvalidSelectorException -->
          <reporter-output>
          </reporter-output>
        </test-method> <!-- Contact_TC_3 -->
        <test-method is-config="true" signature="tear_down()[pri:0, instance:Test_case.Test_Case_Contact@66f57048]" started-at="2022-07-26T19:18:48 IST" name="tear_down" finished-at="2022-07-26T19:18:53 IST" duration-ms="4159" status="PASS">
          <reporter-output>
          </reporter-output>
        </test-method> <!-- tear_down -->
        <test-method is-config="true" signature="Setup_Test_Case_Contact(java.lang.String)[pri:0, instance:Test_case.Test_Case_Contact@66f57048]" started-at="2022-07-26T19:18:53 IST" name="Setup_Test_Case_Contact" finished-at="2022-07-26T19:19:14 IST" duration-ms="21248" status="PASS">
          <params>
            <param index="0">
              <value>
                <![CDATA[Chrome]]>
              </value>
            </param>
          </params>
          <reporter-output>
          </reporter-output>
        </test-method> <!-- Setup_Test_Case_Contact -->
        <test-method signature="Contact_TC_4()[pri:4, instance:Test_case.Test_Case_Contact@66f57048]" started-at="2022-07-26T19:19:14 IST" name="Contact_TC_4" finished-at="2022-07-26T19:19:23 IST" duration-ms="9077" status="PASS">
          <reporter-output>
          </reporter-output>
        </test-method> <!-- Contact_TC_4 -->
        <test-method is-config="true" signature="tear_down()[pri:0, instance:Test_case.Test_Case_Contact@66f57048]" started-at="2022-07-26T19:19:23 IST" name="tear_down" finished-at="2022-07-26T19:19:23 IST" duration-ms="49" status="PASS">
          <reporter-output>
          </reporter-output>
        </test-method> <!-- tear_down -->
      </class> <!-- Test_case.Test_Case_Contact -->
      <class name="Test_case.Test_Case_Home">
        <test-method is-config="true" signature="Setup_Test_Case_Home(java.lang.String)[pri:0, instance:Test_case.Test_Case_Home@4dbb42b7]" started-at="2022-07-26T19:14:54 IST" name="Setup_Test_Case_Home" finished-at="2022-07-26T19:15:12 IST" duration-ms="18785" status="PASS">
          <params>
            <param index="0">
              <value>
                <![CDATA[Chrome]]>
              </value>
            </param>
          </params>
          <reporter-output>
          </reporter-output>
        </test-method> <!-- Setup_Test_Case_Home -->
        <test-method signature="Home_TC1()[pri:1, instance:Test_case.Test_Case_Home@4dbb42b7]" started-at="2022-07-26T19:15:12 IST" name="Home_TC1" finished-at="2022-07-26T19:15:25 IST" duration-ms="12132" status="PASS">
          <reporter-output>
          </reporter-output>
        </test-method> <!-- Home_TC1 -->
        <test-method is-config="true" signature="teardown()[pri:0, instance:Test_case.Test_Case_Home@4dbb42b7]" started-at="2022-07-26T19:15:25 IST" name="teardown" finished-at="2022-07-26T19:15:25 IST" duration-ms="71" status="PASS">
          <reporter-output>
          </reporter-output>
        </test-method> <!-- teardown -->
        <test-method is-config="true" signature="Setup_Test_Case_Home(java.lang.String)[pri:0, instance:Test_case.Test_Case_Home@4dbb42b7]" started-at="2022-07-26T19:15:25 IST" name="Setup_Test_Case_Home" finished-at="2022-07-26T19:15:43 IST" duration-ms="18190" status="PASS">
          <params>
            <param index="0">
              <value>
                <![CDATA[Chrome]]>
              </value>
            </param>
          </params>
          <reporter-output>
          </reporter-output>
        </test-method> <!-- Setup_Test_Case_Home -->
        <test-method signature="Home_TC2()[pri:2, instance:Test_case.Test_Case_Home@4dbb42b7]" started-at="2022-07-26T19:15:43 IST" name="Home_TC2" finished-at="2022-07-26T19:15:47 IST" duration-ms="4114" status="PASS">
          <reporter-output>
          </reporter-output>
        </test-method> <!-- Home_TC2 -->
        <test-method is-config="true" signature="teardown()[pri:0, instance:Test_case.Test_Case_Home@4dbb42b7]" started-at="2022-07-26T19:15:47 IST" name="teardown" finished-at="2022-07-26T19:15:47 IST" duration-ms="75" status="PASS">
          <reporter-output>
          </reporter-output>
        </test-method> <!-- teardown -->
        <test-method is-config="true" signature="Setup_Test_Case_Home(java.lang.String)[pri:0, instance:Test_case.Test_Case_Home@4dbb42b7]" started-at="2022-07-26T19:15:47 IST" name="Setup_Test_Case_Home" finished-at="2022-07-26T19:16:05 IST" duration-ms="18490" status="PASS">
          <params>
            <param index="0">
              <value>
                <![CDATA[Chrome]]>
              </value>
            </param>
          </params>
          <reporter-output>
          </reporter-output>
        </test-method> <!-- Setup_Test_Case_Home -->
        <test-method signature="Home_TC3()[pri:3, instance:Test_case.Test_Case_Home@4dbb42b7]" started-at="2022-07-26T19:16:05 IST" name="Home_TC3" finished-at="2022-07-26T19:16:10 IST" duration-ms="4049" status="PASS">
          <reporter-output>
          </reporter-output>
        </test-method> <!-- Home_TC3 -->
        <test-method is-config="true" signature="teardown()[pri:0, instance:Test_case.Test_Case_Home@4dbb42b7]" started-at="2022-07-26T19:16:10 IST" name="teardown" finished-at="2022-07-26T19:16:10 IST" duration-ms="66" status="PASS">
          <reporter-output>
          </reporter-output>
        </test-method> <!-- teardown -->
        <test-method is-config="true" signature="Setup_Test_Case_Home(java.lang.String)[pri:0, instance:Test_case.Test_Case_Home@4dbb42b7]" started-at="2022-07-26T19:16:10 IST" name="Setup_Test_Case_Home" finished-at="2022-07-26T19:16:29 IST" duration-ms="19229" status="PASS">
          <params>
            <param index="0">
              <value>
                <![CDATA[Chrome]]>
              </value>
            </param>
          </params>
          <reporter-output>
          </reporter-output>
        </test-method> <!-- Setup_Test_Case_Home -->
        <test-method signature="Home_TC4()[pri:4, instance:Test_case.Test_Case_Home@4dbb42b7]" started-at="2022-07-26T19:16:29 IST" name="Home_TC4" finished-at="2022-07-26T19:16:33 IST" duration-ms="4062" status="PASS">
          <reporter-output>
          </reporter-output>
        </test-method> <!-- Home_TC4 -->
        <test-method is-config="true" signature="teardown()[pri:0, instance:Test_case.Test_Case_Home@4dbb42b7]" started-at="2022-07-26T19:16:33 IST" name="teardown" finished-at="2022-07-26T19:16:33 IST" duration-ms="69" status="PASS">
          <reporter-output>
          </reporter-output>
        </test-method> <!-- teardown -->
        <test-method is-config="true" signature="Setup_Test_Case_Home(java.lang.String)[pri:0, instance:Test_case.Test_Case_Home@4dbb42b7]" started-at="2022-07-26T19:16:33 IST" name="Setup_Test_Case_Home" finished-at="2022-07-26T19:16:49 IST" duration-ms="16513" status="PASS">
          <params>
            <param index="0">
              <value>
                <![CDATA[Chrome]]>
              </value>
            </param>
          </params>
          <reporter-output>
          </reporter-output>
        </test-method> <!-- Setup_Test_Case_Home -->
        <test-method signature="Home_TC5()[pri:5, instance:Test_case.Test_Case_Home@4dbb42b7]" started-at="2022-07-26T19:16:49 IST" name="Home_TC5" finished-at="2022-07-26T19:16:54 IST" duration-ms="4132" status="PASS">
          <reporter-output>
          </reporter-output>
        </test-method> <!-- Home_TC5 -->
        <test-method is-config="true" signature="teardown()[pri:0, instance:Test_case.Test_Case_Home@4dbb42b7]" started-at="2022-07-26T19:16:54 IST" name="teardown" finished-at="2022-07-26T19:16:54 IST" duration-ms="69" status="PASS">
          <reporter-output>
          </reporter-output>
        </test-method> <!-- teardown -->
      </class> <!-- Test_case.Test_Case_Home -->
    </test> <!-- Test -->
  </suite> <!-- Suite -->
</testng-results>
