<?xml version="1.0" encoding="UTF-8"?>
<!-- Generated by org.testng.reporters.JUnitXMLReporter -->
<testsuite ignored="0" hostname="DESKTOP-NQMJ256" failures="0" tests="5" name="Free_CRM_Test_Tqa" time="112.096" errors="0" timestamp="2022-06-10T16:40:17 IST">
  <testcase classname="Test_case.Test_case_Login" name="TC_1" time="8.02"/>
  <testcase classname="Test_case.Test_case_Login" name="TC_2" time="5.042"/>
  <testcase classname="Test_case.Test_case_Login" name="TC_3" time="0.044"/>
  <testcase classname="Test_case.Test_case_Login" name="TC_4" time="22.348"/>
  <testcase classname="Test_case.Test_case_Login" name="TC_5" time="29.445"/>
</testsuite> <!-- Free_CRM_Test_Tqa -->
