<?xml version="1.0" encoding="UTF-8"?>
<!-- Generated by org.testng.reporters.JUnitXMLReporter -->
<testsuite ignored="0" hostname="DESKTOP-NQMJ256" failures="0" tests="4" name="Test" time="127.153" errors="0" timestamp="2022-08-12T16:30:35 IST">
  <testcase classname="Test_case.Test_Case_Contact" name="Contact_TC_1" time="13.349"/>
  <testcase classname="Test_case.Test_Case_Contact" name="Contact_TC_2" time="17.067"/>
  <testcase classname="Test_case.Test_Case_Contact" name="Contact_TC_3" time="3.072"/>
  <testcase classname="Test_case.Test_Case_Contact" name="Contact_TC_4" time="12.442"/>
</testsuite> <!-- Test -->
