<?xml version="1.0" encoding="UTF-8"?>
<!-- Generated by org.testng.reporters.JUnitXMLReporter -->
<testsuite ignored="0" hostname="DESKTOP-NQMJ256" failures="0" tests="5" name="Test" time="96.479" errors="0" timestamp="2022-07-19T19:03:55 IST">
  <testcase classname="Test_case.Test_Case_Login" name="Login_TC_1" time="3.238"/>
  <testcase classname="Test_case.Test_Case_Login" name="Login_TC_2" time="3.13"/>
  <testcase classname="Test_case.Test_Case_Login" name="Login_TC_3" time="0.123"/>
  <testcase classname="Test_case.Test_Case_Login" name="Login_TC_4" time="14.302"/>
  <testcase classname="Test_case.Test_Case_Login" name="Login_TC_5" time="33.393"/>
</testsuite> <!-- Test -->
